  main.c
\\Mac\Home\Documents\Codes\Data-Strucutures\A_Recapitulare_Sapt9\Lista Dubla\Lista Dubla\main.c(50,9): warning C4133: '=': incompatible types - from 'NodLD *' to 'NodLD *'
\\Mac\Home\Documents\Codes\Data-Strucutures\A_Recapitulare_Sapt9\Lista Dubla\Lista Dubla\main.c(52,14): warning C4133: '=': incompatible types - from 'NodLD *' to 'NodLD *'
\\Mac\Home\Documents\Codes\Data-Strucutures\A_Recapitulare_Sapt9\Lista Dubla\Lista Dubla\main.c(53,13): warning C4133: '=': incompatible types - from 'NodLD *' to 'NodLD *'
\\Mac\Home\Documents\Codes\Data-Strucutures\A_Recapitulare_Sapt9\Lista Dubla\Lista Dubla\main.c(78,13): warning C4133: '=': incompatible types - from 'NodLD *' to 'NodLD *'
\\Mac\Home\Documents\Codes\Data-Strucutures\A_Recapitulare_Sapt9\Lista Dubla\Lista Dubla\main.c(79,14): warning C4133: '=': incompatible types - from 'NodLD *' to 'NodLD *'
\\Mac\Home\Documents\Codes\Data-Strucutures\A_Recapitulare_Sapt9\Lista Dubla\Lista Dubla\main.c(102,9): warning C4133: '=': incompatible types - from 'NodLS *' to 'NodLS *'
\\Mac\Home\Documents\Codes\Data-Strucutures\A_Recapitulare_Sapt9\Lista Dubla\Lista Dubla\main.c(104,14): warning C4133: '=': incompatible types - from 'NodLS *' to 'NodLS *'
\\Mac\Home\Documents\Codes\Data-Strucutures\A_Recapitulare_Sapt9\Lista Dubla\Lista Dubla\main.c(111,3): warning C4133: 'return': incompatible types - from 'NodLD *' to 'NodLS *'
\\Mac\Home\Documents\Codes\Data-Strucutures\A_Recapitulare_Sapt9\Lista Dubla\Lista Dubla\main.c(118,9): warning C4133: '=': incompatible types - from 'NodLD *' to 'NodLD *'
\\Mac\Home\Documents\Codes\Data-Strucutures\A_Recapitulare_Sapt9\Lista Dubla\Lista Dubla\main.c(131,17): warning C4133: '=': incompatible types - from 'NodLD *' to 'NodLD *'
\\Mac\Home\Documents\Codes\Data-Strucutures\A_Recapitulare_Sapt9\Lista Dubla\Lista Dubla\main.c(132,17): warning C4133: '=': incompatible types - from 'NodLD *' to 'NodLD *'
\\Mac\Home\Documents\Codes\Data-Strucutures\A_Recapitulare_Sapt9\Lista Dubla\Lista Dubla\main.c(135,10): warning C4133: '=': incompatible types - from 'NodLD *' to 'NodLD *'
\\Mac\Home\Documents\Codes\Data-Strucutures\A_Recapitulare_Sapt9\Lista Dubla\Lista Dubla\main.c(145,2): warning C4133: 'return': incompatible types - from 'NodLD *' to 'NodLS *'
\\Mac\Home\Documents\Codes\Data-Strucutures\A_Recapitulare_Sapt9\Lista Dubla\Lista Dubla\main.c(129,13): warning C4133: 'initializing': incompatible types - from 'NodLD *' to 'NodLD *'
\\Mac\Home\Documents\Codes\Data-Strucutures\A_Recapitulare_Sapt9\Lista Dubla\Lista Dubla\main.c(130,13): warning C4133: 'initializing': incompatible types - from 'NodLD *' to 'NodLD *'
\\Mac\Home\Documents\Codes\Data-Strucutures\A_Recapitulare_Sapt9\Lista Dubla\Lista Dubla\main.c(138,12): warning C4133: 'initializing': incompatible types - from 'NodLD *' to 'NodLD *'
\\Mac\Home\Documents\Codes\Data-Strucutures\A_Recapitulare_Sapt9\Lista Dubla\Lista Dubla\main.c(162,9): warning C4133: '=': incompatible types - from 'NodLD *' to 'NodLD *'
\\Mac\Home\Documents\Codes\Data-Strucutures\A_Recapitulare_Sapt9\Lista Dubla\Lista Dubla\main.c(173,8): warning C4133: '=': incompatible types - from 'NodLD *' to 'NodLD *'
\\Mac\Home\Documents\Codes\Data-Strucutures\A_Recapitulare_Sapt9\Lista Dubla\Lista Dubla\main.c(182,8): warning C4133: '=': incompatible types - from 'NodLD *' to 'NodLD *'
\\Mac\Home\Documents\Codes\Data-Strucutures\A_Recapitulare_Sapt9\Lista Dubla\Lista Dubla\main.c(191,11): warning C4133: 'initializing': incompatible types - from 'NodLD *' to 'NodLD *'
\\Mac\Home\Documents\Codes\Data-Strucutures\A_Recapitulare_Sapt9\Lista Dubla\Lista Dubla\main.c(204,11): warning C4133: 'initializing': incompatible types - from 'NodLS *' to 'NodLS *'
\\Mac\Home\Documents\Codes\Data-Strucutures\A_Recapitulare_Sapt9\Lista Dubla\Lista Dubla\main.c(270,7): warning C4133: '=': incompatible types - from 'NodLS *' to 'NodLD *'
\\Mac\Home\Documents\Codes\Data-Strucutures\A_Recapitulare_Sapt9\Lista Dubla\Lista Dubla\main.c(282,8): warning C4133: '=': incompatible types - from 'NodLS *' to 'NodLS *'
  Lista Dubla.vcxproj -> \\Mac\Home\Documents\Codes\Data-Strucutures\A_Recapitulare_Sapt9\Lista Dubla\ARM64\Debug\Lista Dubla.exe
