  main.c
\\mac\Home\Documents\Codes\Data-Strucutures\Structuri_Recapitulare\Modele_Examen\Model_28\Model_28\main.c(43,13): warning C4133: '=': incompatible types - from 'nodLD *' to 'nodLD *'
\\mac\Home\Documents\Codes\Data-Strucutures\Structuri_Recapitulare\Modele_Examen\Model_28\Model_28\main.c(44,18): warning C4133: '=': incompatible types - from 'nodLD *' to 'nodLD *'
\\mac\Home\Documents\Codes\Data-Strucutures\Structuri_Recapitulare\Modele_Examen\Model_28\Model_28\main.c(68,9): warning C4133: '=': incompatible types - from 'nodLD *' to 'nodLD *'
\\mac\Home\Documents\Codes\Data-Strucutures\Structuri_Recapitulare\Modele_Examen\Model_28\Model_28\main.c(72,14): warning C4133: '=': incompatible types - from 'nodLD *' to 'nodLD *'
\\mac\Home\Documents\Codes\Data-Strucutures\Structuri_Recapitulare\Modele_Examen\Model_28\Model_28\main.c(73,18): warning C4133: '=': incompatible types - from 'nodLD *' to 'nodLD *'
\\mac\Home\Documents\Codes\Data-Strucutures\Structuri_Recapitulare\Modele_Examen\Model_28\Model_28\main.c(77,14): warning C4133: '=': incompatible types - from 'nodLD *' to 'nodLD *'
\\mac\Home\Documents\Codes\Data-Strucutures\Structuri_Recapitulare\Modele_Examen\Model_28\Model_28\main.c(78,19): warning C4133: '=': incompatible types - from 'nodLD *' to 'nodLD *'
\\mac\Home\Documents\Codes\Data-Strucutures\Structuri_Recapitulare\Modele_Examen\Model_28\Model_28\main.c(83,14): warning C4133: '=': incompatible types - from 'nodLD *' to 'nodLD *'
\\mac\Home\Documents\Codes\Data-Strucutures\Structuri_Recapitulare\Modele_Examen\Model_28\Model_28\main.c(84,14): warning C4133: '=': incompatible types - from 'nodLD *' to 'nodLD *'
\\mac\Home\Documents\Codes\Data-Strucutures\Structuri_Recapitulare\Modele_Examen\Model_28\Model_28\main.c(85,14): warning C4133: '=': incompatible types - from 'nodLD *' to 'nodLD *'
\\mac\Home\Documents\Codes\Data-Strucutures\Structuri_Recapitulare\Modele_Examen\Model_28\Model_28\main.c(86,15): warning C4133: '=': incompatible types - from 'nodLD *' to 'nodLD *'
\\mac\Home\Documents\Codes\Data-Strucutures\Structuri_Recapitulare\Modele_Examen\Model_28\Model_28\main.c(82,11): warning C4133: 'initializing': incompatible types - from 'nodLD *' to 'nodLD *'
\\mac\Home\Documents\Codes\Data-Strucutures\Structuri_Recapitulare\Modele_Examen\Model_28\Model_28\main.c(97,8): warning C4133: '=': incompatible types - from 'nodLD *' to 'nodLD *'
\\mac\Home\Documents\Codes\Data-Strucutures\Structuri_Recapitulare\Modele_Examen\Model_28\Model_28\main.c(107,8): warning C4133: '=': incompatible types - from 'nodLD *' to 'nodLD *'
\\mac\Home\Documents\Codes\Data-Strucutures\Structuri_Recapitulare\Modele_Examen\Model_28\Model_28\main.c(117,11): warning C4133: '=': incompatible types - from 'nodLD *' to 'nodLD *'
\\mac\Home\Documents\Codes\Data-Strucutures\Structuri_Recapitulare\Modele_Examen\Model_28\Model_28\main.c(122,12): warning C4133: '=': incompatible types - from 'nodLD *' to 'nodLD *'
\\mac\Home\Documents\Codes\Data-Strucutures\Structuri_Recapitulare\Modele_Examen\Model_28\Model_28\main.c(129,15): warning C4133: '=': incompatible types - from 'nodLD *' to 'nodLD *'
\\mac\Home\Documents\Codes\Data-Strucutures\Structuri_Recapitulare\Modele_Examen\Model_28\Model_28\main.c(130,15): warning C4133: '=': incompatible types - from 'nodLD *' to 'nodLD *'
\\mac\Home\Documents\Codes\Data-Strucutures\Structuri_Recapitulare\Modele_Examen\Model_28\Model_28\main.c(132,9): warning C4133: '=': incompatible types - from 'nodLD *' to 'nodLD *'
\\mac\Home\Documents\Codes\Data-Strucutures\Structuri_Recapitulare\Modele_Examen\Model_28\Model_28\main.c(138,9): warning C4133: '=': incompatible types - from 'nodLD *' to 'nodLD *'
\\mac\Home\Documents\Codes\Data-Strucutures\Structuri_Recapitulare\Modele_Examen\Model_28\Model_28\main.c(127,12): warning C4133: 'initializing': incompatible types - from 'nodLD *' to 'nodLD *'
\\mac\Home\Documents\Codes\Data-Strucutures\Structuri_Recapitulare\Modele_Examen\Model_28\Model_28\main.c(128,12): warning C4133: 'initializing': incompatible types - from 'nodLD *' to 'nodLD *'
\\mac\Home\Documents\Codes\Data-Strucutures\Structuri_Recapitulare\Modele_Examen\Model_28\Model_28\main.c(146,36): warning C4133: 'function': incompatible types - from 'nodArbBin *' to 'nodArbBin *'
\\mac\Home\Documents\Codes\Data-Strucutures\Structuri_Recapitulare\Modele_Examen\Model_28\Model_28\main.c(146,16): warning C4133: '=': incompatible types - from 'nodArbBin *' to 'nodArbBin *'
\\mac\Home\Documents\Codes\Data-Strucutures\Structuri_Recapitulare\Modele_Examen\Model_28\Model_28\main.c(150,37): warning C4133: 'function': incompatible types - from 'nodArbBin *' to 'nodArbBin *'
\\mac\Home\Documents\Codes\Data-Strucutures\Structuri_Recapitulare\Modele_Examen\Model_28\Model_28\main.c(150,17): warning C4133: '=': incompatible types - from 'nodArbBin *' to 'nodArbBin *'
\\mac\Home\Documents\Codes\Data-Strucutures\Structuri_Recapitulare\Modele_Examen\Model_28\Model_28\main.c(178,8): warning C4133: '=': incompatible types - from 'nodLD *' to 'nodLD *'
\\mac\Home\Documents\Codes\Data-Strucutures\Structuri_Recapitulare\Modele_Examen\Model_28\Model_28\main.c(186,15): warning C4133: 'function': incompatible types - from 'nodArbBin *' to 'nodArbBin *'
\\mac\Home\Documents\Codes\Data-Strucutures\Structuri_Recapitulare\Modele_Examen\Model_28\Model_28\main.c(189,15): warning C4133: 'function': incompatible types - from 'nodArbBin *' to 'nodArbBin *'
\\mac\Home\Documents\Codes\Data-Strucutures\Structuri_Recapitulare\Modele_Examen\Model_28\Model_28\main.c(205,21): warning C4133: 'function': incompatible types - from 'nodArbBin *' to 'nodArbBin *'
\\mac\Home\Documents\Codes\Data-Strucutures\Structuri_Recapitulare\Modele_Examen\Model_28\Model_28\main.c(209,21): warning C4133: 'function': incompatible types - from 'nodArbBin *' to 'nodArbBin *'
\\mac\Home\Documents\Codes\Data-Strucutures\Structuri_Recapitulare\Modele_Examen\Model_28\Model_28\main.c(222,20): warning C4133: 'function': incompatible types - from 'nodArbBin *' to 'nodArbBin *'
\\mac\Home\Documents\Codes\Data-Strucutures\Structuri_Recapitulare\Modele_Examen\Model_28\Model_28\main.c(226,20): warning C4133: 'function': incompatible types - from 'nodArbBin *' to 'nodArbBin *'
  Model_28.vcxproj -> \\Mac\Home\Documents\Codes\Data-Strucutures\Structuri_Recapitulare\Modele_Examen\Model_28\ARM64\Debug\Model_28.exe
