  main.c
\\mac\Home\Documents\Codes\Data-Strucutures\Structuri_Recapitulare\Modele_Examen\Model_3\Model_3\main.c(52,9): warning C4133: '=': incompatible types - from 'nodLS *' to 'nodLS *'
\\mac\Home\Documents\Codes\Data-Strucutures\Structuri_Recapitulare\Modele_Examen\Model_3\Model_3\main.c(54,14): warning C4133: '=': incompatible types - from 'nodLS *' to 'nodLS *'
\\mac\Home\Documents\Codes\Data-Strucutures\Structuri_Recapitulare\Modele_Examen\Model_3\Model_3\main.c(73,8): warning C4133: '=': incompatible types - from 'nodLS *' to 'nodLS *'
\\mac\Home\Documents\Codes\Data-Strucutures\Structuri_Recapitulare\Modele_Examen\Model_3\Model_3\main.c(102,24): warning C4133: '=': incompatible types - from 'nodLS *' to 'nodLS *'
\\mac\Home\Documents\Codes\Data-Strucutures\Structuri_Recapitulare\Modele_Examen\Model_3\Model_3\main.c(107,11): warning C4133: '=': incompatible types - from 'nodLS *' to 'nodLS *'
\\mac\Home\Documents\Codes\Data-Strucutures\Structuri_Recapitulare\Modele_Examen\Model_3\Model_3\main.c(114,11): warning C4133: '=': incompatible types - from 'nodLS *' to 'nodLS *'
\\mac\Home\Documents\Codes\Data-Strucutures\Structuri_Recapitulare\Modele_Examen\Model_3\Model_3\main.c(157,9): warning C4133: '=': incompatible types - from 'nodLS *' to 'nodLS *'
\\mac\Home\Documents\Codes\Data-Strucutures\Structuri_Recapitulare\Modele_Examen\Model_3\Model_3\main.c(203,14): warning C4133: '=': incompatible types - from 'nodArbBin *' to 'nodArbBin *'
\\mac\Home\Documents\Codes\Data-Strucutures\Structuri_Recapitulare\Modele_Examen\Model_3\Model_3\main.c(204,15): warning C4133: '=': incompatible types - from 'nodArbBin *' to 'nodArbBin *'
\\mac\Home\Documents\Codes\Data-Strucutures\Structuri_Recapitulare\Modele_Examen\Model_3\Model_3\main.c(212,33): warning C4133: 'function': incompatible types - from 'nodArbBin *' to 'nodArbBin *'
\\mac\Home\Documents\Codes\Data-Strucutures\Structuri_Recapitulare\Modele_Examen\Model_3\Model_3\main.c(212,16): warning C4133: '=': incompatible types - from 'nodArbBin *' to 'nodArbBin *'
\\mac\Home\Documents\Codes\Data-Strucutures\Structuri_Recapitulare\Modele_Examen\Model_3\Model_3\main.c(216,34): warning C4133: 'function': incompatible types - from 'nodArbBin *' to 'nodArbBin *'
\\mac\Home\Documents\Codes\Data-Strucutures\Structuri_Recapitulare\Modele_Examen\Model_3\Model_3\main.c(216,17): warning C4133: '=': incompatible types - from 'nodArbBin *' to 'nodArbBin *'
\\mac\Home\Documents\Codes\Data-Strucutures\Structuri_Recapitulare\Modele_Examen\Model_3\Model_3\main.c(235,10): warning C4133: '=': incompatible types - from 'nodLS *' to 'nodLS *'
\\mac\Home\Documents\Codes\Data-Strucutures\Structuri_Recapitulare\Modele_Examen\Model_3\Model_3\main.c(244,15): warning C4133: 'function': incompatible types - from 'nodArbBin *' to 'nodArbBin *'
\\mac\Home\Documents\Codes\Data-Strucutures\Structuri_Recapitulare\Modele_Examen\Model_3\Model_3\main.c(247,15): warning C4133: 'function': incompatible types - from 'nodArbBin *' to 'nodArbBin *'
\\mac\Home\Documents\Codes\Data-Strucutures\Structuri_Recapitulare\Modele_Examen\Model_3\Model_3\main.c(255,24): warning C4133: 'function': incompatible types - from 'nodArbBin *' to 'nodArbBin *'
\\mac\Home\Documents\Codes\Data-Strucutures\Structuri_Recapitulare\Modele_Examen\Model_3\Model_3\main.c(256,24): warning C4133: 'function': incompatible types - from 'nodArbBin *' to 'nodArbBin *'
\\mac\Home\Documents\Codes\Data-Strucutures\Structuri_Recapitulare\Modele_Examen\Model_3\Model_3\main.c(276,16): warning C4047: '=': 'nodLS **' differs in levels of indirection from 'produs *'
  Model_3.vcxproj -> \\Mac\Home\Documents\Codes\Data-Strucutures\Structuri_Recapitulare\Modele_Examen\Model_3\ARM64\Debug\Model_3.exe
