  main.c
\\Mac\Home\Documents\Codes\Data-Strucutures\A_Recapitulare_Sapt9\A_Problema_1\A_Problema_1\main.c(44,9): warning C4133: '=': incompatible types - from 'NodLS *' to 'NodLS *'
\\Mac\Home\Documents\Codes\Data-Strucutures\A_Recapitulare_Sapt9\A_Problema_1\A_Problema_1\main.c(46,14): warning C4133: '=': incompatible types - from 'NodLS *' to 'NodLS *'
\\Mac\Home\Documents\Codes\Data-Strucutures\A_Recapitulare_Sapt9\A_Problema_1\A_Problema_1\main.c(62,9): warning C4133: '=': incompatible types - from 'NodLS *' to 'NodLS *'
\\Mac\Home\Documents\Codes\Data-Strucutures\A_Recapitulare_Sapt9\A_Problema_1\A_Problema_1\main.c(75,9): warning C4133: '=': incompatible types - from 'NodLS *' to 'NodLS *'
\\Mac\Home\Documents\Codes\Data-Strucutures\A_Recapitulare_Sapt9\A_Problema_1\A_Problema_1\main.c(89,10): warning C4133: '=': incompatible types - from 'NodLS *' to 'NodLS *'
\\Mac\Home\Documents\Codes\Data-Strucutures\A_Recapitulare_Sapt9\A_Problema_1\A_Problema_1\main.c(93,10): warning C4133: '=': incompatible types - from 'NodLS *' to 'NodLS *'
\\Mac\Home\Documents\Codes\Data-Strucutures\A_Recapitulare_Sapt9\A_Problema_1\A_Problema_1\main.c(115,9): warning C4133: '=': incompatible types - from 'NodLD *' to 'NodLD *'
\\Mac\Home\Documents\Codes\Data-Strucutures\A_Recapitulare_Sapt9\A_Problema_1\A_Problema_1\main.c(120,19): warning C4133: '=': incompatible types - from 'NodLD *' to 'NodLD *'
\\Mac\Home\Documents\Codes\Data-Strucutures\A_Recapitulare_Sapt9\A_Problema_1\A_Problema_1\main.c(121,14): warning C4133: '=': incompatible types - from 'NodLD *' to 'NodLD *'
\\Mac\Home\Documents\Codes\Data-Strucutures\A_Recapitulare_Sapt9\A_Problema_1\A_Problema_1\main.c(126,14): warning C4133: '=': incompatible types - from 'NodLD *' to 'NodLD *'
\\Mac\Home\Documents\Codes\Data-Strucutures\A_Recapitulare_Sapt9\A_Problema_1\A_Problema_1\main.c(127,15): warning C4133: '=': incompatible types - from 'NodLD *' to 'NodLD *'
\\Mac\Home\Documents\Codes\Data-Strucutures\A_Recapitulare_Sapt9\A_Problema_1\A_Problema_1\main.c(134,14): warning C4133: '=': incompatible types - from 'NodLD *' to 'NodLD *'
\\Mac\Home\Documents\Codes\Data-Strucutures\A_Recapitulare_Sapt9\A_Problema_1\A_Problema_1\main.c(135,14): warning C4133: '=': incompatible types - from 'NodLD *' to 'NodLD *'
\\Mac\Home\Documents\Codes\Data-Strucutures\A_Recapitulare_Sapt9\A_Problema_1\A_Problema_1\main.c(136,15): warning C4133: '=': incompatible types - from 'NodLD *' to 'NodLD *'
\\Mac\Home\Documents\Codes\Data-Strucutures\A_Recapitulare_Sapt9\A_Problema_1\A_Problema_1\main.c(137,15): warning C4133: '=': incompatible types - from 'NodLD *' to 'NodLD *'
\\Mac\Home\Documents\Codes\Data-Strucutures\A_Recapitulare_Sapt9\A_Problema_1\A_Problema_1\main.c(133,11): warning C4133: 'initializing': incompatible types - from 'NodLD *' to 'NodLD *'
\\Mac\Home\Documents\Codes\Data-Strucutures\A_Recapitulare_Sapt9\A_Problema_1\A_Problema_1\main.c(151,8): warning C4133: '=': incompatible types - from 'NodLS *' to 'NodLS *'
\\Mac\Home\Documents\Codes\Data-Strucutures\A_Recapitulare_Sapt9\A_Problema_1\A_Problema_1\main.c(161,8): warning C4133: '=': incompatible types - from 'NodLD *' to 'NodLD *'
\\Mac\Home\Documents\Codes\Data-Strucutures\A_Recapitulare_Sapt9\A_Problema_1\A_Problema_1\main.c(185,9): warning C4133: '=': incompatible types - from 'NodLS *' to 'NodLS *'
\\Mac\Home\Documents\Codes\Data-Strucutures\A_Recapitulare_Sapt9\A_Problema_1\A_Problema_1\main.c(187,14): warning C4133: '=': incompatible types - from 'NodLS *' to 'NodLS *'
\\Mac\Home\Documents\Codes\Data-Strucutures\A_Recapitulare_Sapt9\A_Problema_1\A_Problema_1\main.c(220,9): warning C4133: '=': incompatible types - from 'NodLS *' to 'NodLS *'
\\Mac\Home\Documents\Codes\Data-Strucutures\A_Recapitulare_Sapt9\A_Problema_1\A_Problema_1\main.c(282,8): warning C4133: '=': incompatible types - from 'NodLS *' to 'NodLS *'
  A_Problema_1.vcxproj -> \\Mac\Home\Documents\Codes\Data-Strucutures\A_Recapitulare_Sapt9\A_Problema_1\ARM64\Debug\A_Problema_1.exe
