  main.cpp
\\Mac\Home\Documents\Codes\Data-Strucutures\RecSem2\RecSem2\main.cpp(15,3): error C2371: 'nodeLs': redefinition; different basic types
\\Mac\Home\Documents\Codes\Data-Strucutures\RecSem2\RecSem2\main.cpp(14,9): message : see declaration of 'nodeLs'
\\Mac\Home\Documents\Codes\Data-Strucutures\RecSem2\RecSem2\main.cpp(20,2): error C2027: use of undefined type 'nodeLs'
\\Mac\Home\Documents\Codes\Data-Strucutures\RecSem2\RecSem2\main.cpp(14,9): message : see declaration of 'nodeLs'
\\Mac\Home\Documents\Codes\Data-Strucutures\RecSem2\RecSem2\main.cpp(21,4): error C2027: use of undefined type 'nodeLs'
\\Mac\Home\Documents\Codes\Data-Strucutures\RecSem2\RecSem2\main.cpp(14,9): message : see declaration of 'nodeLs'
\\Mac\Home\Documents\Codes\Data-Strucutures\RecSem2\RecSem2\main.cpp(23,2): error C2027: use of undefined type 'nodeLs'
\\Mac\Home\Documents\Codes\Data-Strucutures\RecSem2\RecSem2\main.cpp(14,9): message : see declaration of 'nodeLs'
\\Mac\Home\Documents\Codes\Data-Strucutures\RecSem2\RecSem2\main.cpp(23,34): error C3861: 'strlen': identifier not found
\\Mac\Home\Documents\Codes\Data-Strucutures\RecSem2\RecSem2\main.cpp(24,9): error C2027: use of undefined type 'nodeLs'
\\Mac\Home\Documents\Codes\Data-Strucutures\RecSem2\RecSem2\main.cpp(14,9): message : see declaration of 'nodeLs'
\\Mac\Home\Documents\Codes\Data-Strucutures\RecSem2\RecSem2\main.cpp(24,2): error C3861: 'strcpy': identifier not found
\\Mac\Home\Documents\Codes\Data-Strucutures\RecSem2\RecSem2\main.cpp(26,2): error C2027: use of undefined type 'nodeLs'
\\Mac\Home\Documents\Codes\Data-Strucutures\RecSem2\RecSem2\main.cpp(14,9): message : see declaration of 'nodeLs'
\\Mac\Home\Documents\Codes\Data-Strucutures\RecSem2\RecSem2\main.cpp(28,2): error C2027: use of undefined type 'nodeLs'
\\Mac\Home\Documents\Codes\Data-Strucutures\RecSem2\RecSem2\main.cpp(14,9): message : see declaration of 'nodeLs'
\\Mac\Home\Documents\Codes\Data-Strucutures\RecSem2\RecSem2\main.cpp(37,10): error C2027: use of undefined type 'nodeLs'
\\Mac\Home\Documents\Codes\Data-Strucutures\RecSem2\RecSem2\main.cpp(14,9): message : see declaration of 'nodeLs'
\\Mac\Home\Documents\Codes\Data-Strucutures\RecSem2\RecSem2\main.cpp(38,11): error C2027: use of undefined type 'nodeLs'
\\Mac\Home\Documents\Codes\Data-Strucutures\RecSem2\RecSem2\main.cpp(14,9): message : see declaration of 'nodeLs'
\\Mac\Home\Documents\Codes\Data-Strucutures\RecSem2\RecSem2\main.cpp(40,3): error C2027: use of undefined type 'nodeLs'
\\Mac\Home\Documents\Codes\Data-Strucutures\RecSem2\RecSem2\main.cpp(14,9): message : see declaration of 'nodeLs'
\\Mac\Home\Documents\Codes\Data-Strucutures\RecSem2\RecSem2\main.cpp(49,73): error C2027: use of undefined type 'nodeLs'
\\Mac\Home\Documents\Codes\Data-Strucutures\RecSem2\RecSem2\main.cpp(14,9): message : see declaration of 'nodeLs'
\\Mac\Home\Documents\Codes\Data-Strucutures\RecSem2\RecSem2\main.cpp(49,98): error C2027: use of undefined type 'nodeLs'
\\Mac\Home\Documents\Codes\Data-Strucutures\RecSem2\RecSem2\main.cpp(14,9): message : see declaration of 'nodeLs'
\\Mac\Home\Documents\Codes\Data-Strucutures\RecSem2\RecSem2\main.cpp(49,115): error C2027: use of undefined type 'nodeLs'
\\Mac\Home\Documents\Codes\Data-Strucutures\RecSem2\RecSem2\main.cpp(14,9): message : see declaration of 'nodeLs'
\\Mac\Home\Documents\Codes\Data-Strucutures\RecSem2\RecSem2\main.cpp(49,10): warning C4473: 'printf' : not enough arguments passed for format string
\\Mac\Home\Documents\Codes\Data-Strucutures\RecSem2\RecSem2\main.cpp(49,10): message : placeholders and their parameters expect 3 variadic arguments, but 0 were provided
\\Mac\Home\Documents\Codes\Data-Strucutures\RecSem2\RecSem2\main.cpp(49,10): message : the missing variadic argument 1 is required by format string '%d'
\\Mac\Home\Documents\Codes\Data-Strucutures\RecSem2\RecSem2\main.cpp(51,10): error C2027: use of undefined type 'nodeLs'
\\Mac\Home\Documents\Codes\Data-Strucutures\RecSem2\RecSem2\main.cpp(14,9): message : see declaration of 'nodeLs'
\\Mac\Home\Documents\Codes\Data-Strucutures\RecSem2\RecSem2\main.cpp(59,9): error C2027: use of undefined type 'nodeLs'
\\Mac\Home\Documents\Codes\Data-Strucutures\RecSem2\RecSem2\main.cpp(14,9): message : see declaration of 'nodeLs'
\\Mac\Home\Documents\Codes\Data-Strucutures\RecSem2\RecSem2\main.cpp(60,22): error C2027: use of undefined type 'nodeLs'
\\Mac\Home\Documents\Codes\Data-Strucutures\RecSem2\RecSem2\main.cpp(14,9): message : see declaration of 'nodeLs'
\\Mac\Home\Documents\Codes\Data-Strucutures\RecSem2\RecSem2\main.cpp(63,10): error C2027: use of undefined type 'nodeLs'
\\Mac\Home\Documents\Codes\Data-Strucutures\RecSem2\RecSem2\main.cpp(14,9): message : see declaration of 'nodeLs'
\\Mac\Home\Documents\Codes\Data-Strucutures\RecSem2\RecSem2\main.cpp(70,17): error C2027: use of undefined type 'nodeLs'
\\Mac\Home\Documents\Codes\Data-Strucutures\RecSem2\RecSem2\main.cpp(14,9): message : see declaration of 'nodeLs'
\\Mac\Home\Documents\Codes\Data-Strucutures\RecSem2\RecSem2\main.cpp(71,8): error C2027: use of undefined type 'nodeLs'
\\Mac\Home\Documents\Codes\Data-Strucutures\RecSem2\RecSem2\main.cpp(14,9): message : see declaration of 'nodeLs'
\\Mac\Home\Documents\Codes\Data-Strucutures\RecSem2\RecSem2\main.cpp(72,8): error C2027: use of undefined type 'nodeLs'
\\Mac\Home\Documents\Codes\Data-Strucutures\RecSem2\RecSem2\main.cpp(14,9): message : see declaration of 'nodeLs'
\\Mac\Home\Documents\Codes\Data-Strucutures\RecSem2\RecSem2\main.cpp(96,29): error C3861: 'strlen': identifier not found
\\Mac\Home\Documents\Codes\Data-Strucutures\RecSem2\RecSem2\main.cpp(97,4): error C3861: 'strcpy': identifier not found
