  main.c
\\mac\Home\Documents\Codes\Data-Strucutures\Structuri_Recapitulare\Modele_Examen\Model_13\Model_13\main.c(56,9): warning C4133: '=': incompatible types - from 'nodLS *' to 'nodLS *'
\\mac\Home\Documents\Codes\Data-Strucutures\Structuri_Recapitulare\Modele_Examen\Model_13\Model_13\main.c(60,15): warning C4133: '=': incompatible types - from 'nodLS *' to 'nodLS *'
\\mac\Home\Documents\Codes\Data-Strucutures\Structuri_Recapitulare\Modele_Examen\Model_13\Model_13\main.c(63,14): warning C4133: '=': incompatible types - from 'nodLS *' to 'nodLS *'
\\mac\Home\Documents\Codes\Data-Strucutures\Structuri_Recapitulare\Modele_Examen\Model_13\Model_13\main.c(67,15): warning C4133: '=': incompatible types - from 'nodLS *' to 'nodLS *'
\\mac\Home\Documents\Codes\Data-Strucutures\Structuri_Recapitulare\Modele_Examen\Model_13\Model_13\main.c(68,14): warning C4133: '=': incompatible types - from 'nodLS *' to 'nodLS *'
\\mac\Home\Documents\Codes\Data-Strucutures\Structuri_Recapitulare\Modele_Examen\Model_13\Model_13\main.c(99,9): warning C4133: '=': incompatible types - from 'nodLS *' to 'nodLS *'
\\mac\Home\Documents\Codes\Data-Strucutures\Structuri_Recapitulare\Modele_Examen\Model_13\Model_13\main.c(101,14): warning C4133: '=': incompatible types - from 'nodLS *' to 'nodLS *'
\\mac\Home\Documents\Codes\Data-Strucutures\Structuri_Recapitulare\Modele_Examen\Model_13\Model_13\main.c(118,12): warning C4133: '=': incompatible types - from 'nodStiva *' to 'nodStiva *'
\\mac\Home\Documents\Codes\Data-Strucutures\Structuri_Recapitulare\Modele_Examen\Model_13\Model_13\main.c(130,7): warning C4133: '=': incompatible types - from 'nodStiva *' to 'nodStiva *'
\\mac\Home\Documents\Codes\Data-Strucutures\Structuri_Recapitulare\Modele_Examen\Model_13\Model_13\main.c(139,8): warning C4133: '=': incompatible types - from 'nodLS *' to 'nodLS *'
\\mac\Home\Documents\Codes\Data-Strucutures\Structuri_Recapitulare\Modele_Examen\Model_13\Model_13\main.c(150,8): warning C4133: '=': incompatible types - from 'nodStiva *' to 'nodStiva *'
\\mac\Home\Documents\Codes\Data-Strucutures\Structuri_Recapitulare\Modele_Examen\Model_13\Model_13\main.c(161,8): warning C4133: '=': incompatible types - from 'nodLL *' to 'nodLL *'
\\mac\Home\Documents\Codes\Data-Strucutures\Structuri_Recapitulare\Modele_Examen\Model_13\Model_13\main.c(180,9): warning C4133: '=': incompatible types - from 'nodLL *' to 'nodLL *'
\\mac\Home\Documents\Codes\Data-Strucutures\Structuri_Recapitulare\Modele_Examen\Model_13\Model_13\main.c(182,14): warning C4133: '=': incompatible types - from 'nodLL *' to 'nodLL *'
\\mac\Home\Documents\Codes\Data-Strucutures\Structuri_Recapitulare\Modele_Examen\Model_13\Model_13\main.c(211,8): warning C4133: '=': incompatible types - from 'nodLS *' to 'nodLS *'
\\mac\Home\Documents\Codes\Data-Strucutures\Structuri_Recapitulare\Modele_Examen\Model_13\Model_13\main.c(206,9): warning C4133: 'initializing': incompatible types - from 'nodStiva *' to 'nodLS *'
\\mac\Home\Documents\Codes\Data-Strucutures\Structuri_Recapitulare\Modele_Examen\Model_13\Model_13\main.c(220,17): warning C4133: 'function': incompatible types - from 'nodLS *' to 'nodStiva *'
\\mac\Home\Documents\Codes\Data-Strucutures\Structuri_Recapitulare\Modele_Examen\Model_13\Model_13\main.c(221,8): warning C4133: '=': incompatible types - from 'nodLL *' to 'nodLL *'
\\mac\Home\Documents\Codes\Data-Strucutures\Structuri_Recapitulare\Modele_Examen\Model_13\Model_13\main.c(241,11): warning C4133: '=': incompatible types - from 'nodLS *' to 'nodLS *'
\\mac\Home\Documents\Codes\Data-Strucutures\Structuri_Recapitulare\Modele_Examen\Model_13\Model_13\main.c(243,8): warning C4133: '=': incompatible types - from 'nodLL *' to 'nodLL *'
  Model_13.vcxproj -> \\Mac\Home\Documents\Codes\Data-Strucutures\Structuri_Recapitulare\Modele_Examen\Model_13\ARM64\Debug\Model_13.exe
