  main.c
\\mac\Home\Documents\Codes\Data-Strucutures\Structuri_Recapitulare\Modele_Examen\7_ArboreAVL\7_ArboreAVL\main.c(33,19): warning C4133: 'function': incompatible types - from 'nodArbAVL **' to 'nodArbAVL **'
\\mac\Home\Documents\Codes\Data-Strucutures\Structuri_Recapitulare\Modele_Examen\7_ArboreAVL\7_ArboreAVL\main.c(36,19): warning C4133: 'function': incompatible types - from 'nodArbAVL **' to 'nodArbAVL **'
\\mac\Home\Documents\Codes\Data-Strucutures\Structuri_Recapitulare\Modele_Examen\7_ArboreAVL\7_ArboreAVL\main.c(50,15): warning C4133: 'function': incompatible types - from 'nodArbAVL *' to 'nodArbAVL *'
\\mac\Home\Documents\Codes\Data-Strucutures\Structuri_Recapitulare\Modele_Examen\7_ArboreAVL\7_ArboreAVL\main.c(52,15): warning C4133: 'function': incompatible types - from 'nodArbAVL *' to 'nodArbAVL *'
\\mac\Home\Documents\Codes\Data-Strucutures\Structuri_Recapitulare\Modele_Examen\7_ArboreAVL\7_ArboreAVL\main.c(59,16): warning C4133: 'function': incompatible types - from 'nodArbAVL *' to 'nodArbAVL *'
\\mac\Home\Documents\Codes\Data-Strucutures\Structuri_Recapitulare\Modele_Examen\7_ArboreAVL\7_ArboreAVL\main.c(60,16): warning C4133: 'function': incompatible types - from 'nodArbAVL *' to 'nodArbAVL *'
\\mac\Home\Documents\Codes\Data-Strucutures\Structuri_Recapitulare\Modele_Examen\7_ArboreAVL\7_ArboreAVL\main.c(77,28): warning C4133: 'function': incompatible types - from 'nodArbAVL *' to 'nodArbAVL *'
\\mac\Home\Documents\Codes\Data-Strucutures\Structuri_Recapitulare\Modele_Examen\7_ArboreAVL\7_ArboreAVL\main.c(78,28): warning C4133: 'function': incompatible types - from 'nodArbAVL *' to 'nodArbAVL *'
\\mac\Home\Documents\Codes\Data-Strucutures\Structuri_Recapitulare\Modele_Examen\7_ArboreAVL\7_ArboreAVL\main.c(86,14): warning C4133: '=': incompatible types - from 'nodArbAVL *' to 'nodArbAVL *'
\\mac\Home\Documents\Codes\Data-Strucutures\Structuri_Recapitulare\Modele_Examen\7_ArboreAVL\7_ArboreAVL\main.c(84,13): warning C4133: 'initializing': incompatible types - from 'nodArbAVL *' to 'nodArbAVL *'
\\mac\Home\Documents\Codes\Data-Strucutures\Structuri_Recapitulare\Modele_Examen\7_ArboreAVL\7_ArboreAVL\main.c(93,15): warning C4133: '=': incompatible types - from 'nodArbAVL *' to 'nodArbAVL *'
\\mac\Home\Documents\Codes\Data-Strucutures\Structuri_Recapitulare\Modele_Examen\7_ArboreAVL\7_ArboreAVL\main.c(91,13): warning C4133: 'initializing': incompatible types - from 'nodArbAVL *' to 'nodArbAVL *'
\\mac\Home\Documents\Codes\Data-Strucutures\Structuri_Recapitulare\Modele_Examen\7_ArboreAVL\7_ArboreAVL\main.c(102,21): warning C4133: 'function': incompatible types - from 'nodArbAVL *' to 'nodArbAVL *'
\\mac\Home\Documents\Codes\Data-Strucutures\Structuri_Recapitulare\Modele_Examen\7_ArboreAVL\7_ArboreAVL\main.c(102,45): warning C4133: 'function': incompatible types - from 'nodArbAVL *' to 'nodArbAVL *'
\\mac\Home\Documents\Codes\Data-Strucutures\Structuri_Recapitulare\Modele_Examen\7_ArboreAVL\7_ArboreAVL\main.c(115,19): warning C4133: 'function': incompatible types - from 'nodArbAVL **' to 'nodArbAVL **'
\\mac\Home\Documents\Codes\Data-Strucutures\Structuri_Recapitulare\Modele_Examen\7_ArboreAVL\7_ArboreAVL\main.c(118,19): warning C4133: 'function': incompatible types - from 'nodArbAVL **' to 'nodArbAVL **'
\\mac\Home\Documents\Codes\Data-Strucutures\Structuri_Recapitulare\Modele_Examen\7_ArboreAVL\7_ArboreAVL\main.c(125,32): warning C4133: 'function': incompatible types - from 'nodArbAVL *' to 'nodArbAVL *'
\\mac\Home\Documents\Codes\Data-Strucutures\Structuri_Recapitulare\Modele_Examen\7_ArboreAVL\7_ArboreAVL\main.c(126,19): warning C4133: 'function': incompatible types - from 'nodArbAVL **' to 'nodArbAVL **'
\\mac\Home\Documents\Codes\Data-Strucutures\Structuri_Recapitulare\Modele_Examen\7_ArboreAVL\7_ArboreAVL\main.c(132,32): warning C4133: 'function': incompatible types - from 'nodArbAVL *' to 'nodArbAVL *'
\\mac\Home\Documents\Codes\Data-Strucutures\Structuri_Recapitulare\Modele_Examen\7_ArboreAVL\7_ArboreAVL\main.c(133,18): warning C4133: 'function': incompatible types - from 'nodArbAVL **' to 'nodArbAVL **'
  7_ArboreAVL.vcxproj -> \\Mac\Home\Documents\Codes\Data-Strucutures\Structuri_Recapitulare\Modele_Examen\7_ArboreAVL\ARM64\Debug\7_ArboreAVL.exe
