  main.c
\\mac\Home\Documents\Codes\Data-Strucutures\Structuri_Recapitulare\Modele_Examen\Model_27\Model_27\main.c(28,15): warning C4133: '=': incompatible types - from 'nodArbAVL *' to 'nodArbAVL *'
\\mac\Home\Documents\Codes\Data-Strucutures\Structuri_Recapitulare\Modele_Examen\Model_27\Model_27\main.c(26,13): warning C4133: 'initializing': incompatible types - from 'nodArbAVL *' to 'nodArbAVL *'
\\mac\Home\Documents\Codes\Data-Strucutures\Structuri_Recapitulare\Modele_Examen\Model_27\Model_27\main.c(35,14): warning C4133: '=': incompatible types - from 'nodArbAVL *' to 'nodArbAVL *'
\\mac\Home\Documents\Codes\Data-Strucutures\Structuri_Recapitulare\Modele_Examen\Model_27\Model_27\main.c(33,13): warning C4133: 'initializing': incompatible types - from 'nodArbAVL *' to 'nodArbAVL *'
\\mac\Home\Documents\Codes\Data-Strucutures\Structuri_Recapitulare\Modele_Examen\Model_27\Model_27\main.c(52,27): warning C4133: 'function': incompatible types - from 'nodArbAVL *' to 'nodArbAVL *'
\\mac\Home\Documents\Codes\Data-Strucutures\Structuri_Recapitulare\Modele_Examen\Model_27\Model_27\main.c(53,27): warning C4133: 'function': incompatible types - from 'nodArbAVL *' to 'nodArbAVL *'
\\mac\Home\Documents\Codes\Data-Strucutures\Structuri_Recapitulare\Modele_Examen\Model_27\Model_27\main.c(63,21): warning C4133: 'function': incompatible types - from 'nodArbAVL *' to 'nodArbAVL *'
\\mac\Home\Documents\Codes\Data-Strucutures\Structuri_Recapitulare\Modele_Examen\Model_27\Model_27\main.c(63,45): warning C4133: 'function': incompatible types - from 'nodArbAVL *' to 'nodArbAVL *'
\\mac\Home\Documents\Codes\Data-Strucutures\Structuri_Recapitulare\Modele_Examen\Model_27\Model_27\main.c(69,16): warning C4133: 'function': incompatible types - from 'nodArbAVL **' to 'nodArbAVL **'
\\mac\Home\Documents\Codes\Data-Strucutures\Structuri_Recapitulare\Modele_Examen\Model_27\Model_27\main.c(72,16): warning C4133: 'function': incompatible types - from 'nodArbAVL **' to 'nodArbAVL **'
\\mac\Home\Documents\Codes\Data-Strucutures\Structuri_Recapitulare\Modele_Examen\Model_27\Model_27\main.c(90,20): warning C4133: 'function': incompatible types - from 'nodArbAVL *' to 'nodArbAVL *'
\\mac\Home\Documents\Codes\Data-Strucutures\Structuri_Recapitulare\Modele_Examen\Model_27\Model_27\main.c(91,19): warning C4133: 'function': incompatible types - from 'nodArbAVL **' to 'nodArbAVL **'
\\mac\Home\Documents\Codes\Data-Strucutures\Structuri_Recapitulare\Modele_Examen\Model_27\Model_27\main.c(97,20): warning C4133: 'function': incompatible types - from 'nodArbAVL *' to 'nodArbAVL *'
\\mac\Home\Documents\Codes\Data-Strucutures\Structuri_Recapitulare\Modele_Examen\Model_27\Model_27\main.c(98,18): warning C4133: 'function': incompatible types - from 'nodArbAVL **' to 'nodArbAVL **'
\\mac\Home\Documents\Codes\Data-Strucutures\Structuri_Recapitulare\Modele_Examen\Model_27\Model_27\main.c(106,15): warning C4133: 'function': incompatible types - from 'nodArbAVL *' to 'nodArbAVL *'
\\mac\Home\Documents\Codes\Data-Strucutures\Structuri_Recapitulare\Modele_Examen\Model_27\Model_27\main.c(109,15): warning C4133: 'function': incompatible types - from 'nodArbAVL *' to 'nodArbAVL *'
\\mac\Home\Documents\Codes\Data-Strucutures\Structuri_Recapitulare\Modele_Examen\Model_27\Model_27\main.c(121,27): warning C4133: 'function': incompatible types - from 'nodArbAVL *' to 'nodArbAVL *'
\\mac\Home\Documents\Codes\Data-Strucutures\Structuri_Recapitulare\Modele_Examen\Model_27\Model_27\main.c(122,27): warning C4133: 'function': incompatible types - from 'nodArbAVL *' to 'nodArbAVL *'
\\mac\Home\Documents\Codes\Data-Strucutures\Structuri_Recapitulare\Modele_Examen\Model_27\Model_27\main.c(135,31): warning C4133: 'function': incompatible types - from 'nodArbAVL *' to 'nodArbAVL *'
\\mac\Home\Documents\Codes\Data-Strucutures\Structuri_Recapitulare\Modele_Examen\Model_27\Model_27\main.c(136,31): warning C4133: 'function': incompatible types - from 'nodArbAVL *' to 'nodArbAVL *'
\\mac\Home\Documents\Codes\Data-Strucutures\Structuri_Recapitulare\Modele_Examen\Model_27\Model_27\main.c(158,42): warning C4133: 'function': incompatible types - from 'nodArbAVL *' to 'nodArbAVL *'
\\mac\Home\Documents\Codes\Data-Strucutures\Structuri_Recapitulare\Modele_Examen\Model_27\Model_27\main.c(159,42): warning C4133: 'function': incompatible types - from 'nodArbAVL *' to 'nodArbAVL *'
\\mac\Home\Documents\Codes\Data-Strucutures\Structuri_Recapitulare\Modele_Examen\Model_27\Model_27\main.c(170,21): warning C4133: 'function': incompatible types - from 'nodArbAVL *' to 'nodArbAVL *'
\\mac\Home\Documents\Codes\Data-Strucutures\Structuri_Recapitulare\Modele_Examen\Model_27\Model_27\main.c(171,21): warning C4133: 'function': incompatible types - from 'nodArbAVL *' to 'nodArbAVL *'
\\mac\Home\Documents\Codes\Data-Strucutures\Structuri_Recapitulare\Modele_Examen\Model_27\Model_27\main.c(189,8): warning C4133: '=': incompatible types - from 'nodArbAVL *' to 'nodArbAVL *'
\\mac\Home\Documents\Codes\Data-Strucutures\Structuri_Recapitulare\Modele_Examen\Model_27\Model_27\main.c(200,32): warning C4133: 'function': incompatible types - from 'nodArbAVL *' to 'nodArbAVL *'
\\mac\Home\Documents\Codes\Data-Strucutures\Structuri_Recapitulare\Modele_Examen\Model_27\Model_27\main.c(200,15): warning C4133: '=': incompatible types - from 'nodArbAVL *' to 'nodArbAVL *'
\\mac\Home\Documents\Codes\Data-Strucutures\Structuri_Recapitulare\Modele_Examen\Model_27\Model_27\main.c(203,33): warning C4133: 'function': incompatible types - from 'nodArbAVL *' to 'nodArbAVL *'
\\mac\Home\Documents\Codes\Data-Strucutures\Structuri_Recapitulare\Modele_Examen\Model_27\Model_27\main.c(203,16): warning C4133: '=': incompatible types - from 'nodArbAVL *' to 'nodArbAVL *'
\\mac\Home\Documents\Codes\Data-Strucutures\Structuri_Recapitulare\Modele_Examen\Model_27\Model_27\main.c(220,32): warning C4133: 'function': incompatible types - from 'nodArbAVL *' to 'nodArbAVL *'
\\mac\Home\Documents\Codes\Data-Strucutures\Structuri_Recapitulare\Modele_Examen\Model_27\Model_27\main.c(227,33): warning C4133: 'function': incompatible types - from 'nodArbAVL *' to 'nodArbAVL *'
\\mac\Home\Documents\Codes\Data-Strucutures\Structuri_Recapitulare\Modele_Examen\Model_27\Model_27\main.c(227,16): warning C4133: '=': incompatible types - from 'nodArbAVL *' to 'nodArbAVL *'
\\mac\Home\Documents\Codes\Data-Strucutures\Structuri_Recapitulare\Modele_Examen\Model_27\Model_27\main.c(207,15): warning C4133: 'initializing': incompatible types - from 'nodArbAVL *' to 'nodArbAVL *'
\\mac\Home\Documents\Codes\Data-Strucutures\Structuri_Recapitulare\Modele_Examen\Model_27\Model_27\main.c(214,15): warning C4133: 'initializing': incompatible types - from 'nodArbAVL *' to 'nodArbAVL *'
\\mac\Home\Documents\Codes\Data-Strucutures\Structuri_Recapitulare\Modele_Examen\Model_27\Model_27\main.c(238,17): warning C4133: 'function': incompatible types - from 'nodArbAVL *' to 'nodArbAVL *'
\\mac\Home\Documents\Codes\Data-Strucutures\Structuri_Recapitulare\Modele_Examen\Model_27\Model_27\main.c(239,19): warning C4133: 'function': incompatible types - from 'nodArbAVL **' to 'nodArbAVL **'
\\mac\Home\Documents\Codes\Data-Strucutures\Structuri_Recapitulare\Modele_Examen\Model_27\Model_27\main.c(245,17): warning C4133: 'function': incompatible types - from 'nodArbAVL *' to 'nodArbAVL *'
\\mac\Home\Documents\Codes\Data-Strucutures\Structuri_Recapitulare\Modele_Examen\Model_27\Model_27\main.c(246,18): warning C4133: 'function': incompatible types - from 'nodArbAVL **' to 'nodArbAVL **'
\\mac\Home\Documents\Codes\Data-Strucutures\Structuri_Recapitulare\Modele_Examen\Model_27\Model_27\main.c(263,30): warning C4133: 'function': incompatible types - from 'nodArbAVL *' to 'nodArbAVL *'
\\mac\Home\Documents\Codes\Data-Strucutures\Structuri_Recapitulare\Modele_Examen\Model_27\Model_27\main.c(264,30): warning C4133: 'function': incompatible types - from 'nodArbAVL *' to 'nodArbAVL *'
\\mac\Home\Documents\Codes\Data-Strucutures\Structuri_Recapitulare\Modele_Examen\Model_27\Model_27\main.c(274,27): warning C4133: 'function': incompatible types - from 'nodArbAVL *' to 'nodArbAVL *'
\\mac\Home\Documents\Codes\Data-Strucutures\Structuri_Recapitulare\Modele_Examen\Model_27\Model_27\main.c(275,27): warning C4133: 'function': incompatible types - from 'nodArbAVL *' to 'nodArbAVL *'
\\mac\Home\Documents\Codes\Data-Strucutures\Structuri_Recapitulare\Modele_Examen\Model_27\Model_27\main.c(301,13): warning C4133: '=': incompatible types - from 'nodLC *' to 'nodLC *'
\\mac\Home\Documents\Codes\Data-Strucutures\Structuri_Recapitulare\Modele_Examen\Model_27\Model_27\main.c(302,13): warning C4133: '=': incompatible types - from 'nodLC *' to 'nodLC *'
\\mac\Home\Documents\Codes\Data-Strucutures\Structuri_Recapitulare\Modele_Examen\Model_27\Model_27\main.c(307,21): warning C4133: '!=': incompatible types - from 'nodLC *' to 'nodLC *'
\\mac\Home\Documents\Codes\Data-Strucutures\Structuri_Recapitulare\Modele_Examen\Model_27\Model_27\main.c(308,9): warning C4133: '=': incompatible types - from 'nodLC *' to 'nodLC *'
\\mac\Home\Documents\Codes\Data-Strucutures\Structuri_Recapitulare\Modele_Examen\Model_27\Model_27\main.c(310,14): warning C4133: '=': incompatible types - from 'nodLC *' to 'nodLC *'
\\mac\Home\Documents\Codes\Data-Strucutures\Structuri_Recapitulare\Modele_Examen\Model_27\Model_27\main.c(311,13): warning C4133: '=': incompatible types - from 'nodLC *' to 'nodLC *'
\\mac\Home\Documents\Codes\Data-Strucutures\Structuri_Recapitulare\Modele_Examen\Model_27\Model_27\main.c(312,17): warning C4133: '=': incompatible types - from 'nodLC *' to 'nodLC *'
\\mac\Home\Documents\Codes\Data-Strucutures\Structuri_Recapitulare\Modele_Examen\Model_27\Model_27\main.c(313,13): warning C4133: '=': incompatible types - from 'nodLC *' to 'nodLC *'
\\mac\Home\Documents\Codes\Data-Strucutures\Structuri_Recapitulare\Modele_Examen\Model_27\Model_27\main.c(324,15): warning C4133: 'function': incompatible types - from 'nodArbAVL *' to 'nodArbAVL *'
\\mac\Home\Documents\Codes\Data-Strucutures\Structuri_Recapitulare\Modele_Examen\Model_27\Model_27\main.c(325,15): warning C4133: 'function': incompatible types - from 'nodArbAVL *' to 'nodArbAVL *'
\\mac\Home\Documents\Codes\Data-Strucutures\Structuri_Recapitulare\Modele_Examen\Model_27\Model_27\main.c(333,8): warning C4133: '=': incompatible types - from 'nodLC *' to 'nodLC *'
\\mac\Home\Documents\Codes\Data-Strucutures\Structuri_Recapitulare\Modele_Examen\Model_27\Model_27\main.c(342,8): warning C4133: '=': incompatible types - from 'nodLC *' to 'nodLC *'
\\mac\Home\Documents\Codes\Data-Strucutures\Structuri_Recapitulare\Modele_Examen\Model_27\Model_27\main.c(355,13): warning C4133: '=': incompatible types - from 'nodLC *' to 'nodLC *'
\\mac\Home\Documents\Codes\Data-Strucutures\Structuri_Recapitulare\Modele_Examen\Model_27\Model_27\main.c(356,13): warning C4133: '=': incompatible types - from 'nodLC *' to 'nodLC *'
\\mac\Home\Documents\Codes\Data-Strucutures\Structuri_Recapitulare\Modele_Examen\Model_27\Model_27\main.c(367,9): warning C4133: '=': incompatible types - from 'nodLC *' to 'nodLC *'
\\mac\Home\Documents\Codes\Data-Strucutures\Structuri_Recapitulare\Modele_Examen\Model_27\Model_27\main.c(368,17): warning C4047: '!=': 'nodLC *' differs in levels of indirection from 'nodLC **'
\\mac\Home\Documents\Codes\Data-Strucutures\Structuri_Recapitulare\Modele_Examen\Model_27\Model_27\main.c(372,14): warning C4133: '=': incompatible types - from 'nodLC *' to 'nodLC *'
\\mac\Home\Documents\Codes\Data-Strucutures\Structuri_Recapitulare\Modele_Examen\Model_27\Model_27\main.c(373,14): warning C4133: '=': incompatible types - from 'nodLC *' to 'nodLC *'
\\mac\Home\Documents\Codes\Data-Strucutures\Structuri_Recapitulare\Modele_Examen\Model_27\Model_27\main.c(374,14): warning C4133: '=': incompatible types - from 'nodLC *' to 'nodLC *'
\\mac\Home\Documents\Codes\Data-Strucutures\Structuri_Recapitulare\Modele_Examen\Model_27\Model_27\main.c(375,18): warning C4133: '=': incompatible types - from 'nodLC *' to 'nodLC *'
\\mac\Home\Documents\Codes\Data-Strucutures\Structuri_Recapitulare\Modele_Examen\Model_27\Model_27\main.c(381,14): warning C4133: '=': incompatible types - from 'nodLC *' to 'nodLC *'
\\mac\Home\Documents\Codes\Data-Strucutures\Structuri_Recapitulare\Modele_Examen\Model_27\Model_27\main.c(382,14): warning C4133: '=': incompatible types - from 'nodLC *' to 'nodLC *'
\\mac\Home\Documents\Codes\Data-Strucutures\Structuri_Recapitulare\Modele_Examen\Model_27\Model_27\main.c(383,14): warning C4133: '=': incompatible types - from 'nodLC *' to 'nodLC *'
\\mac\Home\Documents\Codes\Data-Strucutures\Structuri_Recapitulare\Modele_Examen\Model_27\Model_27\main.c(384,18): warning C4133: '=': incompatible types - from 'nodLC *' to 'nodLC *'
\\mac\Home\Documents\Codes\Data-Strucutures\Structuri_Recapitulare\Modele_Examen\Model_27\Model_27\main.c(390,14): warning C4133: '=': incompatible types - from 'nodLC *' to 'nodLC *'
\\mac\Home\Documents\Codes\Data-Strucutures\Structuri_Recapitulare\Modele_Examen\Model_27\Model_27\main.c(391,14): warning C4133: '=': incompatible types - from 'nodLC *' to 'nodLC *'
\\mac\Home\Documents\Codes\Data-Strucutures\Structuri_Recapitulare\Modele_Examen\Model_27\Model_27\main.c(392,14): warning C4133: '=': incompatible types - from 'nodLC *' to 'nodLC *'
\\mac\Home\Documents\Codes\Data-Strucutures\Structuri_Recapitulare\Modele_Examen\Model_27\Model_27\main.c(393,14): warning C4133: '=': incompatible types - from 'nodLC *' to 'nodLC *'
\\mac\Home\Documents\Codes\Data-Strucutures\Structuri_Recapitulare\Modele_Examen\Model_27\Model_27\main.c(360,10): warning C4047: 'initializing': 'nodLC *' differs in levels of indirection from 'nodLC **'
\\mac\Home\Documents\Codes\Data-Strucutures\Structuri_Recapitulare\Modele_Examen\Model_27\Model_27\main.c(371,11): warning C4133: 'initializing': incompatible types - from 'nodLC *' to 'nodLC *'
\\mac\Home\Documents\Codes\Data-Strucutures\Structuri_Recapitulare\Modele_Examen\Model_27\Model_27\main.c(380,11): warning C4133: 'initializing': incompatible types - from 'nodLC *' to 'nodLC *'
\\mac\Home\Documents\Codes\Data-Strucutures\Structuri_Recapitulare\Modele_Examen\Model_27\Model_27\main.c(388,11): warning C4133: 'initializing': incompatible types - from 'nodLC *' to 'nodLC *'
\\mac\Home\Documents\Codes\Data-Strucutures\Structuri_Recapitulare\Modele_Examen\Model_27\Model_27\main.c(389,11): warning C4133: 'initializing': incompatible types - from 'nodLC *' to 'nodLC *'
\\mac\Home\Documents\Codes\Data-Strucutures\Structuri_Recapitulare\Modele_Examen\Model_27\Model_27\main.c(402,11): warning C4133: 'initializing': incompatible types - from 'nodLC *' to 'nodLC *'
\\mac\Home\Documents\Codes\Data-Strucutures\Structuri_Recapitulare\Modele_Examen\Model_27\Model_27\main.c(415,8): warning C4133: '=': incompatible types - from 'nodLC *' to 'nodLC *'
\\mac\Home\Documents\Codes\Data-Strucutures\Structuri_Recapitulare\Modele_Examen\Model_27\Model_27\main.c(425,23): warning C4133: 'function': incompatible types - from 'nodArbAVL *' to 'nodArbAVL *'
\\mac\Home\Documents\Codes\Data-Strucutures\Structuri_Recapitulare\Modele_Examen\Model_27\Model_27\main.c(426,23): warning C4133: 'function': incompatible types - from 'nodArbAVL *' to 'nodArbAVL *'
  Model_27.vcxproj -> \\Mac\Home\Documents\Codes\Data-Strucutures\Structuri_Recapitulare\Modele_Examen\Model_27\ARM64\Debug\Model_27.exe
