  main.c
\\Mac\Home\Documents\Codes\Data-Strucutures\A_Recapitulare_Sapt9\A_Problema_2\A_Problema_2\main.c(56,9): warning C4133: '=': incompatible types - from 'NodLS *' to 'NodLS *'
\\Mac\Home\Documents\Codes\Data-Strucutures\A_Recapitulare_Sapt9\A_Problema_2\A_Problema_2\main.c(58,14): warning C4133: '=': incompatible types - from 'NodLS *' to 'NodLS *'
\\Mac\Home\Documents\Codes\Data-Strucutures\A_Recapitulare_Sapt9\A_Problema_2\A_Problema_2\main.c(72,8): warning C4133: '=': incompatible types - from 'NodLS *' to 'NodLS *'
\\Mac\Home\Documents\Codes\Data-Strucutures\A_Recapitulare_Sapt9\A_Problema_2\A_Problema_2\main.c(89,3): warning C4033: 'sterge_cnp_tabela' must return a value
\\Mac\Home\Documents\Codes\Data-Strucutures\A_Recapitulare_Sapt9\A_Problema_2\A_Problema_2\main.c(100,25): warning C4133: '=': incompatible types - from 'NodLS *' to 'NodLS *'
\\Mac\Home\Documents\Codes\Data-Strucutures\A_Recapitulare_Sapt9\A_Problema_2\A_Problema_2\main.c(107,10): warning C4133: '=': incompatible types - from 'NodLS *' to 'NodLS *'
\\Mac\Home\Documents\Codes\Data-Strucutures\A_Recapitulare_Sapt9\A_Problema_2\A_Problema_2\main.c(114,10): warning C4133: '=': incompatible types - from 'NodLS *' to 'NodLS *'
\\Mac\Home\Documents\Codes\Data-Strucutures\A_Recapitulare_Sapt9\A_Problema_2\A_Problema_2\main.c(140,9): warning C4133: '=': incompatible types - from 'NodLD *' to 'NodLD *'
\\Mac\Home\Documents\Codes\Data-Strucutures\A_Recapitulare_Sapt9\A_Problema_2\A_Problema_2\main.c(142,14): warning C4133: '=': incompatible types - from 'NodLD *' to 'NodLD *'
\\Mac\Home\Documents\Codes\Data-Strucutures\A_Recapitulare_Sapt9\A_Problema_2\A_Problema_2\main.c(144,13): warning C4133: '=': incompatible types - from 'NodLD *' to 'NodLD *'
\\Mac\Home\Documents\Codes\Data-Strucutures\A_Recapitulare_Sapt9\A_Problema_2\A_Problema_2\main.c(156,8): warning C4133: '=': incompatible types - from 'NodLD *' to 'NodLD *'
\\Mac\Home\Documents\Codes\Data-Strucutures\A_Recapitulare_Sapt9\A_Problema_2\A_Problema_2\main.c(165,8): warning C4133: '=': incompatible types - from 'NodLD *' to 'NodLD *'
\\Mac\Home\Documents\Codes\Data-Strucutures\A_Recapitulare_Sapt9\A_Problema_2\A_Problema_2\main.c(182,9): warning C4133: '=': incompatible types - from 'NodLS2 *' to 'NodLS2 *'
\\Mac\Home\Documents\Codes\Data-Strucutures\A_Recapitulare_Sapt9\A_Problema_2\A_Problema_2\main.c(184,14): warning C4133: '=': incompatible types - from 'NodLS2 *' to 'NodLS2 *'
\\Mac\Home\Documents\Codes\Data-Strucutures\A_Recapitulare_Sapt9\A_Problema_2\A_Problema_2\main.c(211,12): warning C4133: '=': incompatible types - from 'NodLD *' to 'NodLD *'
\\Mac\Home\Documents\Codes\Data-Strucutures\A_Recapitulare_Sapt9\A_Problema_2\A_Problema_2\main.c(230,21): warning C4133: '=': incompatible types - from 'NodLD *' to 'NodLD *'
\\Mac\Home\Documents\Codes\Data-Strucutures\A_Recapitulare_Sapt9\A_Problema_2\A_Problema_2\main.c(231,20): warning C4133: '=': incompatible types - from 'NodLD *' to 'NodLD *'
\\Mac\Home\Documents\Codes\Data-Strucutures\A_Recapitulare_Sapt9\A_Problema_2\A_Problema_2\main.c(234,10): warning C4133: '=': incompatible types - from 'NodLD *' to 'NodLD *'
\\Mac\Home\Documents\Codes\Data-Strucutures\A_Recapitulare_Sapt9\A_Problema_2\A_Problema_2\main.c(242,10): warning C4133: '=': incompatible types - from 'NodLD *' to 'NodLD *'
\\Mac\Home\Documents\Codes\Data-Strucutures\A_Recapitulare_Sapt9\A_Problema_2\A_Problema_2\main.c(199,12): warning C4133: 'initializing': incompatible types - from 'NodLD *' to 'NodLD *'
\\Mac\Home\Documents\Codes\Data-Strucutures\A_Recapitulare_Sapt9\A_Problema_2\A_Problema_2\main.c(200,12): warning C4133: 'initializing': incompatible types - from 'NodLD *' to 'NodLD *'
\\Mac\Home\Documents\Codes\Data-Strucutures\A_Recapitulare_Sapt9\A_Problema_2\A_Problema_2\main.c(253,10): warning C4133: 'initializing': incompatible types - from 'NodLS *' to 'NodLS *'
\\Mac\Home\Documents\Codes\Data-Strucutures\A_Recapitulare_Sapt9\A_Problema_2\A_Problema_2\main.c(275,8): warning C4133: '=': incompatible types - from 'NodLS *' to 'NodLD *'
\\Mac\Home\Documents\Codes\Data-Strucutures\A_Recapitulare_Sapt9\A_Problema_2\A_Problema_2\main.c(272,10): warning C4133: 'initializing': incompatible types - from 'NodLD *' to 'NodLS *'
\\Mac\Home\Documents\Codes\Data-Strucutures\A_Recapitulare_Sapt9\A_Problema_2\A_Problema_2\main.c(286,8): warning C4133: '=': incompatible types - from 'NodLS *' to 'NodLS2 *'
\\Mac\Home\Documents\Codes\Data-Strucutures\A_Recapitulare_Sapt9\A_Problema_2\A_Problema_2\main.c(283,10): warning C4133: 'initializing': incompatible types - from 'NodLS2 *' to 'NodLS *'
\\Mac\Home\Documents\Codes\Data-Strucutures\A_Recapitulare_Sapt9\A_Problema_2\A_Problema_2\main.c(340,10): warning C4133: '=': incompatible types - from 'NodLS *' to 'NodLS *'
\\Mac\Home\Documents\Codes\Data-Strucutures\A_Recapitulare_Sapt9\A_Problema_2\A_Problema_2\main.c(363,8): warning C4133: '=': incompatible types - from 'NodLS2 *' to 'NodLS2 *'
\\Mac\Home\Documents\Codes\Data-Strucutures\A_Recapitulare_Sapt9\A_Problema_2\A_Problema_2\main.c(119): warning C4715: 'sterge_cnp_tabela': not all control paths return a value
  A_Problema_2.vcxproj -> \\Mac\Home\Documents\Codes\Data-Strucutures\A_Recapitulare_Sapt9\A_Problema_2\ARM64\Debug\A_Problema_2.exe
