  main.c
\\Mac\Home\Documents\Codes\Data-Strucutures\A_Recapitulare_Sapt9\A_Problema_7\A_Problema_7\main.c(46,9): warning C4133: '=': incompatible types - from 'NodLD *' to 'NodLD *'
\\Mac\Home\Documents\Codes\Data-Strucutures\A_Recapitulare_Sapt9\A_Problema_7\A_Problema_7\main.c(49,14): warning C4133: '=': incompatible types - from 'NodLD *' to 'NodLD *'
\\Mac\Home\Documents\Codes\Data-Strucutures\A_Recapitulare_Sapt9\A_Problema_7\A_Problema_7\main.c(50,15): warning C4133: '=': incompatible types - from 'NodLD *' to 'NodLD *'
\\Mac\Home\Documents\Codes\Data-Strucutures\A_Recapitulare_Sapt9\A_Problema_7\A_Problema_7\main.c(54,19): warning C4133: '=': incompatible types - from 'NodLD *' to 'NodLD *'
\\Mac\Home\Documents\Codes\Data-Strucutures\A_Recapitulare_Sapt9\A_Problema_7\A_Problema_7\main.c(55,14): warning C4133: '=': incompatible types - from 'NodLD *' to 'NodLD *'
\\Mac\Home\Documents\Codes\Data-Strucutures\A_Recapitulare_Sapt9\A_Problema_7\A_Problema_7\main.c(60,14): warning C4133: '=': incompatible types - from 'NodLD *' to 'NodLD *'
\\Mac\Home\Documents\Codes\Data-Strucutures\A_Recapitulare_Sapt9\A_Problema_7\A_Problema_7\main.c(61,14): warning C4133: '=': incompatible types - from 'NodLD *' to 'NodLD *'
\\Mac\Home\Documents\Codes\Data-Strucutures\A_Recapitulare_Sapt9\A_Problema_7\A_Problema_7\main.c(62,14): warning C4133: '=': incompatible types - from 'NodLD *' to 'NodLD *'
\\Mac\Home\Documents\Codes\Data-Strucutures\A_Recapitulare_Sapt9\A_Problema_7\A_Problema_7\main.c(63,15): warning C4133: '=': incompatible types - from 'NodLD *' to 'NodLD *'
\\Mac\Home\Documents\Codes\Data-Strucutures\A_Recapitulare_Sapt9\A_Problema_7\A_Problema_7\main.c(59,11): warning C4133: 'initializing': incompatible types - from 'NodLD *' to 'NodLD *'
\\Mac\Home\Documents\Codes\Data-Strucutures\A_Recapitulare_Sapt9\A_Problema_7\A_Problema_7\main.c(75,10): warning C4133: '=': incompatible types - from 'NodLD *' to 'NodLD *'
\\Mac\Home\Documents\Codes\Data-Strucutures\A_Recapitulare_Sapt9\A_Problema_7\A_Problema_7\main.c(79,14): warning C4133: '=': incompatible types - from 'NodLD *' to 'NodLD *'
\\Mac\Home\Documents\Codes\Data-Strucutures\A_Recapitulare_Sapt9\A_Problema_7\A_Problema_7\main.c(85,15): warning C4133: '=': incompatible types - from 'NodLD *' to 'NodLD *'
\\Mac\Home\Documents\Codes\Data-Strucutures\A_Recapitulare_Sapt9\A_Problema_7\A_Problema_7\main.c(86,15): warning C4133: '=': incompatible types - from 'NodLD *' to 'NodLD *'
\\Mac\Home\Documents\Codes\Data-Strucutures\A_Recapitulare_Sapt9\A_Problema_7\A_Problema_7\main.c(88,9): warning C4133: '=': incompatible types - from 'NodLD *' to 'NodLD *'
\\Mac\Home\Documents\Codes\Data-Strucutures\A_Recapitulare_Sapt9\A_Problema_7\A_Problema_7\main.c(93,9): warning C4133: '=': incompatible types - from 'NodLD *' to 'NodLD *'
\\Mac\Home\Documents\Codes\Data-Strucutures\A_Recapitulare_Sapt9\A_Problema_7\A_Problema_7\main.c(83,12): warning C4133: 'initializing': incompatible types - from 'NodLD *' to 'NodLD *'
\\Mac\Home\Documents\Codes\Data-Strucutures\A_Recapitulare_Sapt9\A_Problema_7\A_Problema_7\main.c(84,12): warning C4133: 'initializing': incompatible types - from 'NodLD *' to 'NodLD *'
\\Mac\Home\Documents\Codes\Data-Strucutures\A_Recapitulare_Sapt9\A_Problema_7\A_Problema_7\main.c(106,8): warning C4133: '=': incompatible types - from 'NodLD *' to 'NodLD *'
\\Mac\Home\Documents\Codes\Data-Strucutures\A_Recapitulare_Sapt9\A_Problema_7\A_Problema_7\main.c(123,9): warning C4133: '=': incompatible types - from 'NodLS *' to 'NodLS *'
\\Mac\Home\Documents\Codes\Data-Strucutures\A_Recapitulare_Sapt9\A_Problema_7\A_Problema_7\main.c(125,14): warning C4133: '=': incompatible types - from 'NodLS *' to 'NodLS *'
\\Mac\Home\Documents\Codes\Data-Strucutures\A_Recapitulare_Sapt9\A_Problema_7\A_Problema_7\main.c(138,11): warning C4133: '=': incompatible types - from 'NodLD *' to 'NodLD *'
\\Mac\Home\Documents\Codes\Data-Strucutures\A_Recapitulare_Sapt9\A_Problema_7\A_Problema_7\main.c(142,14): warning C4133: '=': incompatible types - from 'NodLD *' to 'NodLD *'
\\Mac\Home\Documents\Codes\Data-Strucutures\A_Recapitulare_Sapt9\A_Problema_7\A_Problema_7\main.c(149,15): warning C4133: '=': incompatible types - from 'NodLD *' to 'NodLD *'
\\Mac\Home\Documents\Codes\Data-Strucutures\A_Recapitulare_Sapt9\A_Problema_7\A_Problema_7\main.c(151,9): warning C4133: '=': incompatible types - from 'NodLD *' to 'NodLD *'
\\Mac\Home\Documents\Codes\Data-Strucutures\A_Recapitulare_Sapt9\A_Problema_7\A_Problema_7\main.c(154,9): warning C4133: '=': incompatible types - from 'NodLD *' to 'NodLD *'
\\Mac\Home\Documents\Codes\Data-Strucutures\A_Recapitulare_Sapt9\A_Problema_7\A_Problema_7\main.c(146,12): warning C4133: 'initializing': incompatible types - from 'NodLD *' to 'NodLD *'
\\Mac\Home\Documents\Codes\Data-Strucutures\A_Recapitulare_Sapt9\A_Problema_7\A_Problema_7\main.c(147,12): warning C4133: 'initializing': incompatible types - from 'NodLD *' to 'NodLD *'
\\Mac\Home\Documents\Codes\Data-Strucutures\A_Recapitulare_Sapt9\A_Problema_7\A_Problema_7\main.c(165,8): warning C4133: '=': incompatible types - from 'NodLD *' to 'NodLD *'
\\Mac\Home\Documents\Codes\Data-Strucutures\A_Recapitulare_Sapt9\A_Problema_7\A_Problema_7\main.c(174,8): warning C4133: '=': incompatible types - from 'NodLD *' to 'NodLD *'
\\Mac\Home\Documents\Codes\Data-Strucutures\A_Recapitulare_Sapt9\A_Problema_7\A_Problema_7\main.c(183,8): warning C4133: '=': incompatible types - from 'NodLS *' to 'NodLS *'
\\Mac\Home\Documents\Codes\Data-Strucutures\A_Recapitulare_Sapt9\A_Problema_7\A_Problema_7\main.c(194,10): warning C4133: 'initializing': incompatible types - from 'NodLS *' to 'NodLS *'
\\Mac\Home\Documents\Codes\Data-Strucutures\A_Recapitulare_Sapt9\A_Problema_7\A_Problema_7\main.c(204,10): warning C4133: 'initializing': incompatible types - from 'NodLD *' to 'NodLD *'
  A_Problema_7.vcxproj -> \\Mac\Home\Documents\Codes\Data-Strucutures\A_Recapitulare_Sapt9\A_Problema_7\ARM64\Debug\A_Problema_7.exe
