  main.c
\\mac\Home\Documents\Codes\Data-Strucutures\Structuri_Recapitulare\Modele_Examen\Model_29\Model_29\main.c(54,18): warning C4133: '=': incompatible types - from 'nodLL *' to 'nodLL *'
\\mac\Home\Documents\Codes\Data-Strucutures\Structuri_Recapitulare\Modele_Examen\Model_29\Model_29\main.c(56,20): warning C4133: '=': incompatible types - from 'nodLL *' to 'nodLL *'
\\mac\Home\Documents\Codes\Data-Strucutures\Structuri_Recapitulare\Modele_Examen\Model_29\Model_29\main.c(66,14): warning C4133: '=': incompatible types - from 'nodLL *' to 'nodLL *'
\\mac\Home\Documents\Codes\Data-Strucutures\Structuri_Recapitulare\Modele_Examen\Model_29\Model_29\main.c(83,18): warning C4133: '=': incompatible types - from 'nodLS *' to 'nodLS *'
\\mac\Home\Documents\Codes\Data-Strucutures\Structuri_Recapitulare\Modele_Examen\Model_29\Model_29\main.c(85,20): warning C4133: '=': incompatible types - from 'nodLS *' to 'nodLS *'
\\mac\Home\Documents\Codes\Data-Strucutures\Structuri_Recapitulare\Modele_Examen\Model_29\Model_29\main.c(94,14): warning C4133: '=': incompatible types - from 'nodLS *' to 'nodLS *'
\\mac\Home\Documents\Codes\Data-Strucutures\Structuri_Recapitulare\Modele_Examen\Model_29\Model_29\main.c(105,14): warning C4133: '=': incompatible types - from 'nodLL *' to 'nodLL *'
\\mac\Home\Documents\Codes\Data-Strucutures\Structuri_Recapitulare\Modele_Examen\Model_29\Model_29\main.c(119,19): warning C4133: '=': incompatible types - from 'nodLS *' to 'nodLS *'
\\mac\Home\Documents\Codes\Data-Strucutures\Structuri_Recapitulare\Modele_Examen\Model_29\Model_29\main.c(121,14): warning C4133: '=': incompatible types - from 'nodLL *' to 'nodLL *'
\\mac\Home\Documents\Codes\Data-Strucutures\Structuri_Recapitulare\Modele_Examen\Model_29\Model_29\main.c(141,19): warning C4133: '=': incompatible types - from 'nodLS *' to 'nodLS *'
\\mac\Home\Documents\Codes\Data-Strucutures\Structuri_Recapitulare\Modele_Examen\Model_29\Model_29\main.c(143,14): warning C4133: '=': incompatible types - from 'nodLL *' to 'nodLL *'
\\mac\Home\Documents\Codes\Data-Strucutures\Structuri_Recapitulare\Modele_Examen\Model_29\Model_29\main.c(156,14): warning C4133: '=': incompatible types - from 'nodLL *' to 'nodLL *'
\\mac\Home\Documents\Codes\Data-Strucutures\Structuri_Recapitulare\Modele_Examen\Model_29\Model_29\main.c(178,14): warning C4133: '=': incompatible types - from 'nodLL *' to 'nodLL *'
\\mac\Home\Documents\Codes\Data-Strucutures\Structuri_Recapitulare\Modele_Examen\Model_29\Model_29\main.c(193,19): warning C4133: '=': incompatible types - from 'nodLS *' to 'nodLS *'
\\mac\Home\Documents\Codes\Data-Strucutures\Structuri_Recapitulare\Modele_Examen\Model_29\Model_29\main.c(195,14): warning C4133: '=': incompatible types - from 'nodLL *' to 'nodLL *'
\\mac\Home\Documents\Codes\Data-Strucutures\Structuri_Recapitulare\Modele_Examen\Model_29\Model_29\main.c(210,23): warning C4133: '=': incompatible types - from 'nodLS *' to 'nodLS *'
\\mac\Home\Documents\Codes\Data-Strucutures\Structuri_Recapitulare\Modele_Examen\Model_29\Model_29\main.c(213,14): warning C4133: '=': incompatible types - from 'nodLL *' to 'nodLL *'
\\mac\Home\Documents\Codes\Data-Strucutures\Structuri_Recapitulare\Modele_Examen\Model_29\Model_29\main.c(246,16): warning C4133: 'initializing': incompatible types - from 'nodLS *' to 'nodLS *'
\\mac\Home\Documents\Codes\Data-Strucutures\Structuri_Recapitulare\Modele_Examen\Model_29\Model_29\main.c(255,16): warning C4133: 'initializing': incompatible types - from 'nodLL *' to 'nodLL *'
  Model_29.vcxproj -> \\Mac\Home\Documents\Codes\Data-Strucutures\Structuri_Recapitulare\Modele_Examen\Model_29\ARM64\Debug\Model_29.exe
