  main.c
\\mac\Home\Documents\Codes\Data-Strucutures\Structuri_Recapitulare\6_Arbore_Binar_De_Cautare\6_Arbore_Binar_De_Cautare\main.c(26,14): warning C4133: '=': incompatible types - from 'nodArbBin *' to 'nodArbBin *'
\\mac\Home\Documents\Codes\Data-Strucutures\Structuri_Recapitulare\6_Arbore_Binar_De_Cautare\6_Arbore_Binar_De_Cautare\main.c(27,15): warning C4133: '=': incompatible types - from 'nodArbBin *' to 'nodArbBin *'
\\mac\Home\Documents\Codes\Data-Strucutures\Structuri_Recapitulare\6_Arbore_Binar_De_Cautare\6_Arbore_Binar_De_Cautare\main.c(35,33): warning C4133: 'function': incompatible types - from 'nodArbBin *' to 'nodArbBin *'
\\mac\Home\Documents\Codes\Data-Strucutures\Structuri_Recapitulare\6_Arbore_Binar_De_Cautare\6_Arbore_Binar_De_Cautare\main.c(35,16): warning C4133: '=': incompatible types - from 'nodArbBin *' to 'nodArbBin *'
\\mac\Home\Documents\Codes\Data-Strucutures\Structuri_Recapitulare\6_Arbore_Binar_De_Cautare\6_Arbore_Binar_De_Cautare\main.c(39,34): warning C4133: 'function': incompatible types - from 'nodArbBin *' to 'nodArbBin *'
\\mac\Home\Documents\Codes\Data-Strucutures\Structuri_Recapitulare\6_Arbore_Binar_De_Cautare\6_Arbore_Binar_De_Cautare\main.c(39,17): warning C4133: '=': incompatible types - from 'nodArbBin *' to 'nodArbBin *'
\\mac\Home\Documents\Codes\Data-Strucutures\Structuri_Recapitulare\6_Arbore_Binar_De_Cautare\6_Arbore_Binar_De_Cautare\main.c(53,15): warning C4133: 'function': incompatible types - from 'nodArbBin *' to 'nodArbBin *'
\\mac\Home\Documents\Codes\Data-Strucutures\Structuri_Recapitulare\6_Arbore_Binar_De_Cautare\6_Arbore_Binar_De_Cautare\main.c(56,15): warning C4133: 'function': incompatible types - from 'nodArbBin *' to 'nodArbBin *'
\\mac\Home\Documents\Codes\Data-Strucutures\Structuri_Recapitulare\6_Arbore_Binar_De_Cautare\6_Arbore_Binar_De_Cautare\main.c(64,16): warning C4133: 'function': incompatible types - from 'nodArbBin *' to 'nodArbBin *'
\\mac\Home\Documents\Codes\Data-Strucutures\Structuri_Recapitulare\6_Arbore_Binar_De_Cautare\6_Arbore_Binar_De_Cautare\main.c(65,16): warning C4133: 'function': incompatible types - from 'nodArbBin *' to 'nodArbBin *'
\\mac\Home\Documents\Codes\Data-Strucutures\Structuri_Recapitulare\6_Arbore_Binar_De_Cautare\6_Arbore_Binar_De_Cautare\main.c(71,17): warning C4133: 'function': incompatible types - from 'nodArbBin *' to 'nodArbBin *'
\\mac\Home\Documents\Codes\Data-Strucutures\Structuri_Recapitulare\6_Arbore_Binar_De_Cautare\6_Arbore_Binar_De_Cautare\main.c(72,17): warning C4133: 'function': incompatible types - from 'nodArbBin *' to 'nodArbBin *'
\\mac\Home\Documents\Codes\Data-Strucutures\Structuri_Recapitulare\6_Arbore_Binar_De_Cautare\6_Arbore_Binar_De_Cautare\main.c(84,30): warning C4133: 'function': incompatible types - from 'nodArbBin *' to 'nodArbBin *'
\\mac\Home\Documents\Codes\Data-Strucutures\Structuri_Recapitulare\6_Arbore_Binar_De_Cautare\6_Arbore_Binar_De_Cautare\main.c(85,30): warning C4133: 'function': incompatible types - from 'nodArbBin *' to 'nodArbBin *'
\\mac\Home\Documents\Codes\Data-Strucutures\Structuri_Recapitulare\6_Arbore_Binar_De_Cautare\6_Arbore_Binar_De_Cautare\main.c(94,21): warning C4133: 'function': incompatible types - from 'nodArbBin *' to 'nodArbBin *'
\\mac\Home\Documents\Codes\Data-Strucutures\Structuri_Recapitulare\6_Arbore_Binar_De_Cautare\6_Arbore_Binar_De_Cautare\main.c(95,21): warning C4133: 'function': incompatible types - from 'nodArbBin *' to 'nodArbBin *'
\\mac\Home\Documents\Codes\Data-Strucutures\Structuri_Recapitulare\6_Arbore_Binar_De_Cautare\6_Arbore_Binar_De_Cautare\main.c(102,7): warning C4133: '=': incompatible types - from 'nodArbBin *' to 'nodArbBin *'
\\mac\Home\Documents\Codes\Data-Strucutures\Structuri_Recapitulare\6_Arbore_Binar_De_Cautare\6_Arbore_Binar_De_Cautare\main.c(113,32): warning C4133: 'function': incompatible types - from 'nodArbBin *' to 'nodArbBin *'
\\mac\Home\Documents\Codes\Data-Strucutures\Structuri_Recapitulare\6_Arbore_Binar_De_Cautare\6_Arbore_Binar_De_Cautare\main.c(113,15): warning C4133: '=': incompatible types - from 'nodArbBin *' to 'nodArbBin *'
\\mac\Home\Documents\Codes\Data-Strucutures\Structuri_Recapitulare\6_Arbore_Binar_De_Cautare\6_Arbore_Binar_De_Cautare\main.c(117,33): warning C4133: 'function': incompatible types - from 'nodArbBin *' to 'nodArbBin *'
\\mac\Home\Documents\Codes\Data-Strucutures\Structuri_Recapitulare\6_Arbore_Binar_De_Cautare\6_Arbore_Binar_De_Cautare\main.c(117,16): warning C4133: '=': incompatible types - from 'nodArbBin *' to 'nodArbBin *'
\\mac\Home\Documents\Codes\Data-Strucutures\Structuri_Recapitulare\6_Arbore_Binar_De_Cautare\6_Arbore_Binar_De_Cautare\main.c(135,32): warning C4133: 'function': incompatible types - from 'nodArbBin *' to 'nodArbBin *'
\\mac\Home\Documents\Codes\Data-Strucutures\Structuri_Recapitulare\6_Arbore_Binar_De_Cautare\6_Arbore_Binar_De_Cautare\main.c(142,33): warning C4133: 'function': incompatible types - from 'nodArbBin *' to 'nodArbBin *'
\\mac\Home\Documents\Codes\Data-Strucutures\Structuri_Recapitulare\6_Arbore_Binar_De_Cautare\6_Arbore_Binar_De_Cautare\main.c(142,16): warning C4133: '=': incompatible types - from 'nodArbBin *' to 'nodArbBin *'
\\mac\Home\Documents\Codes\Data-Strucutures\Structuri_Recapitulare\6_Arbore_Binar_De_Cautare\6_Arbore_Binar_De_Cautare\main.c(122,15): warning C4133: 'initializing': incompatible types - from 'nodArbBin *' to 'nodArbBin *'
\\mac\Home\Documents\Codes\Data-Strucutures\Structuri_Recapitulare\6_Arbore_Binar_De_Cautare\6_Arbore_Binar_De_Cautare\main.c(129,15): warning C4133: 'initializing': incompatible types - from 'nodArbBin *' to 'nodArbBin *'
  6_Arbore_Binar_De_Cautare.vcxproj -> \\Mac\Home\Documents\Codes\Data-Strucutures\Structuri_Recapitulare\6_Arbore_Binar_De_Cautare\ARM64\Debug\6_Arbore_Binar_De_Cautare.exe
