  main.c
\\mac\Home\Documents\Codes\Data-Strucutures\Structuri_Recapitulare\Modele_Examen\Model_10\Model_10\main.c(43,13): warning C4133: '=': incompatible types - from 'nodStiva *' to 'nodStiva *'
\\mac\Home\Documents\Codes\Data-Strucutures\Structuri_Recapitulare\Modele_Examen\Model_10\Model_10\main.c(67,7): warning C4133: '=': incompatible types - from 'nodStiva *' to 'nodStiva *'
\\mac\Home\Documents\Codes\Data-Strucutures\Structuri_Recapitulare\Modele_Examen\Model_10\Model_10\main.c(86,8): warning C4133: '=': incompatible types - from 'nodStiva *' to 'nodStiva *'
\\mac\Home\Documents\Codes\Data-Strucutures\Structuri_Recapitulare\Modele_Examen\Model_10\Model_10\main.c(114,9): warning C4133: '=': incompatible types - from 'nodLD *' to 'nodLD *'
\\mac\Home\Documents\Codes\Data-Strucutures\Structuri_Recapitulare\Modele_Examen\Model_10\Model_10\main.c(118,14): warning C4133: '=': incompatible types - from 'nodLD *' to 'nodLD *'
\\mac\Home\Documents\Codes\Data-Strucutures\Structuri_Recapitulare\Modele_Examen\Model_10\Model_10\main.c(119,18): warning C4133: '=': incompatible types - from 'nodLD *' to 'nodLD *'
\\mac\Home\Documents\Codes\Data-Strucutures\Structuri_Recapitulare\Modele_Examen\Model_10\Model_10\main.c(124,19): warning C4133: '=': incompatible types - from 'nodLD *' to 'nodLD *'
\\mac\Home\Documents\Codes\Data-Strucutures\Structuri_Recapitulare\Modele_Examen\Model_10\Model_10\main.c(125,14): warning C4133: '=': incompatible types - from 'nodLD *' to 'nodLD *'
\\mac\Home\Documents\Codes\Data-Strucutures\Structuri_Recapitulare\Modele_Examen\Model_10\Model_10\main.c(131,14): warning C4133: '=': incompatible types - from 'nodLD *' to 'nodLD *'
\\mac\Home\Documents\Codes\Data-Strucutures\Structuri_Recapitulare\Modele_Examen\Model_10\Model_10\main.c(132,14): warning C4133: '=': incompatible types - from 'nodLD *' to 'nodLD *'
\\mac\Home\Documents\Codes\Data-Strucutures\Structuri_Recapitulare\Modele_Examen\Model_10\Model_10\main.c(133,14): warning C4133: '=': incompatible types - from 'nodLD *' to 'nodLD *'
\\mac\Home\Documents\Codes\Data-Strucutures\Structuri_Recapitulare\Modele_Examen\Model_10\Model_10\main.c(134,15): warning C4133: '=': incompatible types - from 'nodLD *' to 'nodLD *'
\\mac\Home\Documents\Codes\Data-Strucutures\Structuri_Recapitulare\Modele_Examen\Model_10\Model_10\main.c(130,11): warning C4133: 'initializing': incompatible types - from 'nodLD *' to 'nodLD *'
\\mac\Home\Documents\Codes\Data-Strucutures\Structuri_Recapitulare\Modele_Examen\Model_10\Model_10\main.c(160,8): warning C4133: '=': incompatible types - from 'nodLD *' to 'nodLD *'
\\mac\Home\Documents\Codes\Data-Strucutures\Structuri_Recapitulare\Modele_Examen\Model_10\Model_10\main.c(172,8): warning C4133: '=': incompatible types - from 'nodLD *' to 'nodLD *'
\\mac\Home\Documents\Codes\Data-Strucutures\Structuri_Recapitulare\Modele_Examen\Model_10\Model_10\main.c(186,8): warning C4133: '=': incompatible types - from 'nodLD *' to 'nodLD *'
\\mac\Home\Documents\Codes\Data-Strucutures\Structuri_Recapitulare\Modele_Examen\Model_10\Model_10\main.c(197,8): warning C4133: '=': incompatible types - from 'nodLD *' to 'nodLD *'
\\mac\Home\Documents\Codes\Data-Strucutures\Structuri_Recapitulare\Modele_Examen\Model_10\Model_10\main.c(218,9): warning C4133: '=': incompatible types - from 'nodLD *' to 'nodLD *'
\\mac\Home\Documents\Codes\Data-Strucutures\Structuri_Recapitulare\Modele_Examen\Model_10\Model_10\main.c(230,9): warning C4133: '=': incompatible types - from 'nodLD *' to 'nodLD *'
  Model_10.vcxproj -> \\Mac\Home\Documents\Codes\Data-Strucutures\Structuri_Recapitulare\Modele_Examen\Model_10\ARM64\Debug\Model_10.exe
