  main.c
\\mac\Home\Documents\Codes\Data-Strucutures\Structuri_Recapitulare\Modele_Examen\Model_22\Model_22\main.c(32,19): warning C4133: 'function': incompatible types - from 'nodArbAVL **' to 'nodArbAVL **'
\\mac\Home\Documents\Codes\Data-Strucutures\Structuri_Recapitulare\Modele_Examen\Model_22\Model_22\main.c(35,19): warning C4133: 'function': incompatible types - from 'nodArbAVL **' to 'nodArbAVL **'
\\mac\Home\Documents\Codes\Data-Strucutures\Structuri_Recapitulare\Modele_Examen\Model_22\Model_22\main.c(55,15): warning C4133: '=': incompatible types - from 'nodArbAVL *' to 'nodArbAVL *'
\\mac\Home\Documents\Codes\Data-Strucutures\Structuri_Recapitulare\Modele_Examen\Model_22\Model_22\main.c(53,13): warning C4133: 'initializing': incompatible types - from 'nodArbAVL *' to 'nodArbAVL *'
\\mac\Home\Documents\Codes\Data-Strucutures\Structuri_Recapitulare\Modele_Examen\Model_22\Model_22\main.c(62,14): warning C4133: '=': incompatible types - from 'nodArbAVL *' to 'nodArbAVL *'
\\mac\Home\Documents\Codes\Data-Strucutures\Structuri_Recapitulare\Modele_Examen\Model_22\Model_22\main.c(60,13): warning C4133: 'initializing': incompatible types - from 'nodArbAVL *' to 'nodArbAVL *'
\\mac\Home\Documents\Codes\Data-Strucutures\Structuri_Recapitulare\Modele_Examen\Model_22\Model_22\main.c(79,27): warning C4133: 'function': incompatible types - from 'nodArbAVL *' to 'nodArbAVL *'
\\mac\Home\Documents\Codes\Data-Strucutures\Structuri_Recapitulare\Modele_Examen\Model_22\Model_22\main.c(80,27): warning C4133: 'function': incompatible types - from 'nodArbAVL *' to 'nodArbAVL *'
\\mac\Home\Documents\Codes\Data-Strucutures\Structuri_Recapitulare\Modele_Examen\Model_22\Model_22\main.c(90,21): warning C4133: 'function': incompatible types - from 'nodArbAVL *' to 'nodArbAVL *'
\\mac\Home\Documents\Codes\Data-Strucutures\Structuri_Recapitulare\Modele_Examen\Model_22\Model_22\main.c(90,45): warning C4133: 'function': incompatible types - from 'nodArbAVL *' to 'nodArbAVL *'
\\mac\Home\Documents\Codes\Data-Strucutures\Structuri_Recapitulare\Modele_Examen\Model_22\Model_22\main.c(96,19): warning C4133: 'function': incompatible types - from 'nodArbAVL **' to 'nodArbAVL **'
\\mac\Home\Documents\Codes\Data-Strucutures\Structuri_Recapitulare\Modele_Examen\Model_22\Model_22\main.c(99,19): warning C4133: 'function': incompatible types - from 'nodArbAVL **' to 'nodArbAVL **'
\\mac\Home\Documents\Codes\Data-Strucutures\Structuri_Recapitulare\Modele_Examen\Model_22\Model_22\main.c(118,29): warning C4133: 'function': incompatible types - from 'nodArbAVL *' to 'nodArbAVL *'
\\mac\Home\Documents\Codes\Data-Strucutures\Structuri_Recapitulare\Modele_Examen\Model_22\Model_22\main.c(119,19): warning C4133: 'function': incompatible types - from 'nodArbAVL **' to 'nodArbAVL **'
\\mac\Home\Documents\Codes\Data-Strucutures\Structuri_Recapitulare\Modele_Examen\Model_22\Model_22\main.c(125,29): warning C4133: 'function': incompatible types - from 'nodArbAVL *' to 'nodArbAVL *'
\\mac\Home\Documents\Codes\Data-Strucutures\Structuri_Recapitulare\Modele_Examen\Model_22\Model_22\main.c(126,18): warning C4133: 'function': incompatible types - from 'nodArbAVL **' to 'nodArbAVL **'
\\mac\Home\Documents\Codes\Data-Strucutures\Structuri_Recapitulare\Modele_Examen\Model_22\Model_22\main.c(134,15): warning C4133: 'function': incompatible types - from 'nodArbAVL *' to 'nodArbAVL *'
\\mac\Home\Documents\Codes\Data-Strucutures\Structuri_Recapitulare\Modele_Examen\Model_22\Model_22\main.c(137,15): warning C4133: 'function': incompatible types - from 'nodArbAVL *' to 'nodArbAVL *'
\\mac\Home\Documents\Codes\Data-Strucutures\Structuri_Recapitulare\Modele_Examen\Model_22\Model_22\main.c(151,23): warning C4133: 'function': incompatible types - from 'nodArbAVL **' to 'nodArbAVL **'
\\mac\Home\Documents\Codes\Data-Strucutures\Structuri_Recapitulare\Modele_Examen\Model_22\Model_22\main.c(155,23): warning C4133: 'function': incompatible types - from 'nodArbAVL **' to 'nodArbAVL **'
\\mac\Home\Documents\Codes\Data-Strucutures\Structuri_Recapitulare\Modele_Examen\Model_22\Model_22\main.c(170,35): warning C4133: 'function': incompatible types - from 'nodArbAVL *' to 'nodArbAVL *'
\\mac\Home\Documents\Codes\Data-Strucutures\Structuri_Recapitulare\Modele_Examen\Model_22\Model_22\main.c(171,35): warning C4133: 'function': incompatible types - from 'nodArbAVL *' to 'nodArbAVL *'
\\mac\Home\Documents\Codes\Data-Strucutures\Structuri_Recapitulare\Modele_Examen\Model_22\Model_22\main.c(187,28): warning C4133: 'function': incompatible types - from 'nodArbAVL *' to 'nodArbAVL *'
\\mac\Home\Documents\Codes\Data-Strucutures\Structuri_Recapitulare\Modele_Examen\Model_22\Model_22\main.c(188,28): warning C4133: 'function': incompatible types - from 'nodArbAVL *' to 'nodArbAVL *'
\\mac\Home\Documents\Codes\Data-Strucutures\Structuri_Recapitulare\Modele_Examen\Model_22\Model_22\main.c(204,8): warning C4133: '=': incompatible types - from 'nodArbAVL *' to 'nodArbAVL *'
\\mac\Home\Documents\Codes\Data-Strucutures\Structuri_Recapitulare\Modele_Examen\Model_22\Model_22\main.c(215,37): warning C4133: 'function': incompatible types - from 'nodArbAVL *' to 'nodArbAVL *'
\\mac\Home\Documents\Codes\Data-Strucutures\Structuri_Recapitulare\Modele_Examen\Model_22\Model_22\main.c(215,15): warning C4133: '=': incompatible types - from 'nodArbAVL *' to 'nodArbAVL *'
\\mac\Home\Documents\Codes\Data-Strucutures\Structuri_Recapitulare\Modele_Examen\Model_22\Model_22\main.c(219,38): warning C4133: 'function': incompatible types - from 'nodArbAVL *' to 'nodArbAVL *'
\\mac\Home\Documents\Codes\Data-Strucutures\Structuri_Recapitulare\Modele_Examen\Model_22\Model_22\main.c(219,16): warning C4133: '=': incompatible types - from 'nodArbAVL *' to 'nodArbAVL *'
\\mac\Home\Documents\Codes\Data-Strucutures\Structuri_Recapitulare\Modele_Examen\Model_22\Model_22\main.c(253,32): warning C4133: 'function': incompatible types - from 'nodArbAVL *' to 'nodArbAVL *'
\\mac\Home\Documents\Codes\Data-Strucutures\Structuri_Recapitulare\Modele_Examen\Model_22\Model_22\main.c(270,38): warning C4133: 'function': incompatible types - from 'nodArbAVL *' to 'nodArbAVL *'
\\mac\Home\Documents\Codes\Data-Strucutures\Structuri_Recapitulare\Modele_Examen\Model_22\Model_22\main.c(270,16): warning C4133: '=': incompatible types - from 'nodArbAVL *' to 'nodArbAVL *'
\\mac\Home\Documents\Codes\Data-Strucutures\Structuri_Recapitulare\Modele_Examen\Model_22\Model_22\main.c(224,15): warning C4133: 'initializing': incompatible types - from 'nodArbAVL *' to 'nodArbAVL *'
\\mac\Home\Documents\Codes\Data-Strucutures\Structuri_Recapitulare\Modele_Examen\Model_22\Model_22\main.c(239,15): warning C4133: 'initializing': incompatible types - from 'nodArbAVL *' to 'nodArbAVL *'
\\mac\Home\Documents\Codes\Data-Strucutures\Structuri_Recapitulare\Modele_Examen\Model_22\Model_22\main.c(298,9): warning C4133: '=': incompatible types - from 'nodLS *' to 'nodLS *'
\\mac\Home\Documents\Codes\Data-Strucutures\Structuri_Recapitulare\Modele_Examen\Model_22\Model_22\main.c(302,15): warning C4133: '=': incompatible types - from 'nodLS *' to 'nodLS *'
\\mac\Home\Documents\Codes\Data-Strucutures\Structuri_Recapitulare\Modele_Examen\Model_22\Model_22\main.c(306,15): warning C4133: '=': incompatible types - from 'nodLS *' to 'nodLS *'
\\mac\Home\Documents\Codes\Data-Strucutures\Structuri_Recapitulare\Modele_Examen\Model_22\Model_22\main.c(310,16): warning C4133: '=': incompatible types - from 'nodLS *' to 'nodLS *'
\\mac\Home\Documents\Codes\Data-Strucutures\Structuri_Recapitulare\Modele_Examen\Model_22\Model_22\main.c(311,15): warning C4133: '=': incompatible types - from 'nodLS *' to 'nodLS *'
\\mac\Home\Documents\Codes\Data-Strucutures\Structuri_Recapitulare\Modele_Examen\Model_22\Model_22\main.c(328,9): warning C4133: '=': incompatible types - from 'nodLL *' to 'nodLL *'
\\mac\Home\Documents\Codes\Data-Strucutures\Structuri_Recapitulare\Modele_Examen\Model_22\Model_22\main.c(330,14): warning C4133: '=': incompatible types - from 'nodLL *' to 'nodLL *'
\\mac\Home\Documents\Codes\Data-Strucutures\Structuri_Recapitulare\Modele_Examen\Model_22\Model_22\main.c(341,8): warning C4133: '=': incompatible types - from 'nodLL *' to 'nodLL *'
\\mac\Home\Documents\Codes\Data-Strucutures\Structuri_Recapitulare\Modele_Examen\Model_22\Model_22\main.c(361,18): warning C4133: 'function': incompatible types - from 'nodArbAVL *' to 'nodArbAVL *'
\\mac\Home\Documents\Codes\Data-Strucutures\Structuri_Recapitulare\Modele_Examen\Model_22\Model_22\main.c(362,18): warning C4133: 'function': incompatible types - from 'nodArbAVL *' to 'nodArbAVL *'
\\mac\Home\Documents\Codes\Data-Strucutures\Structuri_Recapitulare\Modele_Examen\Model_22\Model_22\main.c(371,8): warning C4133: '=': incompatible types - from 'nodLS *' to 'nodLS *'
\\mac\Home\Documents\Codes\Data-Strucutures\Structuri_Recapitulare\Modele_Examen\Model_22\Model_22\main.c(381,8): warning C4133: '=': incompatible types - from 'nodLL *' to 'nodLL *'
\\mac\Home\Documents\Codes\Data-Strucutures\Structuri_Recapitulare\Modele_Examen\Model_22\Model_22\main.c(395,10): warning C4133: '=': incompatible types - from 'nodLS *' to 'nodLS *'
\\mac\Home\Documents\Codes\Data-Strucutures\Structuri_Recapitulare\Modele_Examen\Model_22\Model_22\main.c(397,8): warning C4133: '=': incompatible types - from 'nodLL *' to 'nodLL *'
\\mac\Home\Documents\Codes\Data-Strucutures\Structuri_Recapitulare\Modele_Examen\Model_22\Model_22\main.c(434,35): warning C4305: 'function': truncation from 'double' to 'float'
\\mac\Home\Documents\Codes\Data-Strucutures\Structuri_Recapitulare\Modele_Examen\Model_22\Model_22\main.c(451,39): warning C4305: 'function': truncation from 'double' to 'float'
  Model_22.vcxproj -> \\Mac\Home\Documents\Codes\Data-Strucutures\Structuri_Recapitulare\Modele_Examen\Model_22\ARM64\Debug\Model_22.exe
