  main.c
\\Mac\Home\Documents\Codes\Data-Strucutures\A_Recapitulare_Sapt9\A_Problema_3\A_Problema_3\main.c(46,9): warning C4133: '=': incompatible types - from 'NodLD *' to 'NodLD *'
\\Mac\Home\Documents\Codes\Data-Strucutures\A_Recapitulare_Sapt9\A_Problema_3\A_Problema_3\main.c(49,19): warning C4133: '=': incompatible types - from 'NodLD *' to 'NodLD *'
\\Mac\Home\Documents\Codes\Data-Strucutures\A_Recapitulare_Sapt9\A_Problema_3\A_Problema_3\main.c(50,14): warning C4133: '=': incompatible types - from 'NodLD *' to 'NodLD *'
\\Mac\Home\Documents\Codes\Data-Strucutures\A_Recapitulare_Sapt9\A_Problema_3\A_Problema_3\main.c(54,14): warning C4133: '=': incompatible types - from 'NodLD *' to 'NodLD *'
\\Mac\Home\Documents\Codes\Data-Strucutures\A_Recapitulare_Sapt9\A_Problema_3\A_Problema_3\main.c(55,15): warning C4133: '=': incompatible types - from 'NodLD *' to 'NodLD *'
\\Mac\Home\Documents\Codes\Data-Strucutures\A_Recapitulare_Sapt9\A_Problema_3\A_Problema_3\main.c(60,14): warning C4133: '=': incompatible types - from 'NodLD *' to 'NodLD *'
\\Mac\Home\Documents\Codes\Data-Strucutures\A_Recapitulare_Sapt9\A_Problema_3\A_Problema_3\main.c(61,14): warning C4133: '=': incompatible types - from 'NodLD *' to 'NodLD *'
\\Mac\Home\Documents\Codes\Data-Strucutures\A_Recapitulare_Sapt9\A_Problema_3\A_Problema_3\main.c(62,15): warning C4133: '=': incompatible types - from 'NodLD *' to 'NodLD *'
\\Mac\Home\Documents\Codes\Data-Strucutures\A_Recapitulare_Sapt9\A_Problema_3\A_Problema_3\main.c(63,14): warning C4133: '=': incompatible types - from 'NodLD *' to 'NodLD *'
\\Mac\Home\Documents\Codes\Data-Strucutures\A_Recapitulare_Sapt9\A_Problema_3\A_Problema_3\main.c(59,11): warning C4133: 'initializing': incompatible types - from 'NodLD *' to 'NodLD *'
\\Mac\Home\Documents\Codes\Data-Strucutures\A_Recapitulare_Sapt9\A_Problema_3\A_Problema_3\main.c(85,9): warning C4133: '=': incompatible types - from 'NodLD *' to 'NodLD *'
\\Mac\Home\Documents\Codes\Data-Strucutures\A_Recapitulare_Sapt9\A_Problema_3\A_Problema_3\main.c(87,14): warning C4133: '=': incompatible types - from 'NodLD *' to 'NodLD *'
\\Mac\Home\Documents\Codes\Data-Strucutures\A_Recapitulare_Sapt9\A_Problema_3\A_Problema_3\main.c(89,13): warning C4133: '=': incompatible types - from 'NodLD *' to 'NodLD *'
\\Mac\Home\Documents\Codes\Data-Strucutures\A_Recapitulare_Sapt9\A_Problema_3\A_Problema_3\main.c(101,8): warning C4133: '=': incompatible types - from 'NodLD *' to 'NodLD *'
\\Mac\Home\Documents\Codes\Data-Strucutures\A_Recapitulare_Sapt9\A_Problema_3\A_Problema_3\main.c(110,8): warning C4133: '=': incompatible types - from 'NodLD *' to 'NodLD *'
\\Mac\Home\Documents\Codes\Data-Strucutures\A_Recapitulare_Sapt9\A_Problema_3\A_Problema_3\main.c(127,9): warning C4133: '=': incompatible types - from 'NodLS *' to 'NodLS *'
\\Mac\Home\Documents\Codes\Data-Strucutures\A_Recapitulare_Sapt9\A_Problema_3\A_Problema_3\main.c(129,14): warning C4133: '=': incompatible types - from 'NodLS *' to 'NodLS *'
\\Mac\Home\Documents\Codes\Data-Strucutures\A_Recapitulare_Sapt9\A_Problema_3\A_Problema_3\main.c(142,10): warning C4133: '=': incompatible types - from 'NodLD *' to 'NodLD *'
\\Mac\Home\Documents\Codes\Data-Strucutures\A_Recapitulare_Sapt9\A_Problema_3\A_Problema_3\main.c(153,15): warning C4133: '=': incompatible types - from 'NodLD *' to 'NodLD *'
\\Mac\Home\Documents\Codes\Data-Strucutures\A_Recapitulare_Sapt9\A_Problema_3\A_Problema_3\main.c(154,15): warning C4133: '=': incompatible types - from 'NodLD *' to 'NodLD *'
\\Mac\Home\Documents\Codes\Data-Strucutures\A_Recapitulare_Sapt9\A_Problema_3\A_Problema_3\main.c(156,9): warning C4133: '=': incompatible types - from 'NodLD *' to 'NodLD *'
\\Mac\Home\Documents\Codes\Data-Strucutures\A_Recapitulare_Sapt9\A_Problema_3\A_Problema_3\main.c(161,9): warning C4133: '=': incompatible types - from 'NodLD *' to 'NodLD *'
\\Mac\Home\Documents\Codes\Data-Strucutures\A_Recapitulare_Sapt9\A_Problema_3\A_Problema_3\main.c(146,12): warning C4133: 'initializing': incompatible types - from 'NodLD *' to 'NodLD *'
\\Mac\Home\Documents\Codes\Data-Strucutures\A_Recapitulare_Sapt9\A_Problema_3\A_Problema_3\main.c(151,12): warning C4133: 'initializing': incompatible types - from 'NodLD *' to 'NodLD *'
\\Mac\Home\Documents\Codes\Data-Strucutures\A_Recapitulare_Sapt9\A_Problema_3\A_Problema_3\main.c(152,12): warning C4133: 'initializing': incompatible types - from 'NodLD *' to 'NodLD *'
\\Mac\Home\Documents\Codes\Data-Strucutures\A_Recapitulare_Sapt9\A_Problema_3\A_Problema_3\main.c(185,9): warning C4133: '=': incompatible types - from 'NodLS *' to 'NodLS *'
\\Mac\Home\Documents\Codes\Data-Strucutures\A_Recapitulare_Sapt9\A_Problema_3\A_Problema_3\main.c(187,14): warning C4133: '=': incompatible types - from 'NodLS *' to 'NodLS *'
\\Mac\Home\Documents\Codes\Data-Strucutures\A_Recapitulare_Sapt9\A_Problema_3\A_Problema_3\main.c(209,11): warning C4133: '=': incompatible types - from 'NodLD *' to 'NodLD *'
\\Mac\Home\Documents\Codes\Data-Strucutures\A_Recapitulare_Sapt9\A_Problema_3\A_Problema_3\main.c(220,16): warning C4133: '=': incompatible types - from 'NodLD *' to 'NodLD *'
\\Mac\Home\Documents\Codes\Data-Strucutures\A_Recapitulare_Sapt9\A_Problema_3\A_Problema_3\main.c(221,16): warning C4133: '=': incompatible types - from 'NodLD *' to 'NodLD *'
\\Mac\Home\Documents\Codes\Data-Strucutures\A_Recapitulare_Sapt9\A_Problema_3\A_Problema_3\main.c(223,10): warning C4133: '=': incompatible types - from 'NodLD *' to 'NodLD *'
\\Mac\Home\Documents\Codes\Data-Strucutures\A_Recapitulare_Sapt9\A_Problema_3\A_Problema_3\main.c(229,10): warning C4133: '=': incompatible types - from 'NodLD *' to 'NodLD *'
\\Mac\Home\Documents\Codes\Data-Strucutures\A_Recapitulare_Sapt9\A_Problema_3\A_Problema_3\main.c(213,13): warning C4133: 'initializing': incompatible types - from 'NodLD *' to 'NodLD *'
\\Mac\Home\Documents\Codes\Data-Strucutures\A_Recapitulare_Sapt9\A_Problema_3\A_Problema_3\main.c(218,13): warning C4133: 'initializing': incompatible types - from 'NodLD *' to 'NodLD *'
\\Mac\Home\Documents\Codes\Data-Strucutures\A_Recapitulare_Sapt9\A_Problema_3\A_Problema_3\main.c(219,13): warning C4133: 'initializing': incompatible types - from 'NodLD *' to 'NodLD *'
\\Mac\Home\Documents\Codes\Data-Strucutures\A_Recapitulare_Sapt9\A_Problema_3\A_Problema_3\main.c(241,8): warning C4133: '=': incompatible types - from 'NodLS *' to 'NodLS *'
\\Mac\Home\Documents\Codes\Data-Strucutures\A_Recapitulare_Sapt9\A_Problema_3\A_Problema_3\main.c(267,25): warning C4133: '=': incompatible types - from 'NodLS *' to 'NodLS *'
\\Mac\Home\Documents\Codes\Data-Strucutures\A_Recapitulare_Sapt9\A_Problema_3\A_Problema_3\main.c(276,10): warning C4133: '=': incompatible types - from 'NodLS *' to 'NodLS *'
\\Mac\Home\Documents\Codes\Data-Strucutures\A_Recapitulare_Sapt9\A_Problema_3\A_Problema_3\main.c(280,10): warning C4133: '=': incompatible types - from 'NodLS *' to 'NodLS *'
\\Mac\Home\Documents\Codes\Data-Strucutures\A_Recapitulare_Sapt9\A_Problema_3\A_Problema_3\main.c(290,10): warning C4133: 'initializing': incompatible types - from 'NodLD *' to 'NodLD *'
\\Mac\Home\Documents\Codes\Data-Strucutures\A_Recapitulare_Sapt9\A_Problema_3\A_Problema_3\main.c(301,10): warning C4133: 'initializing': incompatible types - from 'NodLS *' to 'NodLS *'
  A_Problema_3.vcxproj -> \\Mac\Home\Documents\Codes\Data-Strucutures\A_Recapitulare_Sapt9\A_Problema_3\ARM64\Debug\A_Problema_3.exe
