  main.c
\\Mac\Home\Documents\Codes\Data-Strucutures\RecSem3\RecSem3\main.c(26,34): warning C4013: 'strlen' undefined; assuming extern returning int
\\Mac\Home\Documents\Codes\Data-Strucutures\RecSem3\RecSem3\main.c(27,2): warning C4013: 'strcpy' undefined; assuming extern returning int
\\Mac\Home\Documents\Codes\Data-Strucutures\RecSem3\RecSem3\main.c(32,13): warning C4133: '=': incompatible types - from 'nodeLS *' to 'nodeLS *'
\\Mac\Home\Documents\Codes\Data-Strucutures\RecSem3\RecSem3\main.c(33,13): warning C4133: '=': incompatible types - from 'nodeLS *' to 'nodeLS *'
\\Mac\Home\Documents\Codes\Data-Strucutures\RecSem3\RecSem3\main.c(39,21): warning C4133: '!=': incompatible types - from 'nodeLS *' to 'nodeLS *'
\\Mac\Home\Documents\Codes\Data-Strucutures\RecSem3\RecSem3\main.c(40,9): warning C4133: '=': incompatible types - from 'nodeLS *' to 'nodeLS *'
\\Mac\Home\Documents\Codes\Data-Strucutures\RecSem3\RecSem3\main.c(43,14): warning C4133: '=': incompatible types - from 'nodeLS *' to 'nodeLS *'
\\Mac\Home\Documents\Codes\Data-Strucutures\RecSem3\RecSem3\main.c(44,13): warning C4133: '=': incompatible types - from 'nodeLS *' to 'nodeLS *'
\\Mac\Home\Documents\Codes\Data-Strucutures\RecSem3\RecSem3\main.c(46,17): warning C4133: '=': incompatible types - from 'nodeLS *' to 'nodeLS *'
\\Mac\Home\Documents\Codes\Data-Strucutures\RecSem3\RecSem3\main.c(47,14): warning C4133: '=': incompatible types - from 'nodeLS *' to 'nodeLS *'
\\Mac\Home\Documents\Codes\Data-Strucutures\RecSem3\RecSem3\main.c(57,20): warning C4133: '!=': incompatible types - from 'nodeLS *' to 'nodeLS *'
\\Mac\Home\Documents\Codes\Data-Strucutures\RecSem3\RecSem3\main.c(58,10): warning C4477: 'printf' : format string '%d' requires an argument of type 'int', but variadic argument 3 has type 'double'
\\Mac\Home\Documents\Codes\Data-Strucutures\RecSem3\RecSem3\main.c(60,8): warning C4133: '=': incompatible types - from 'nodeLS *' to 'nodeLS *'
\\Mac\Home\Documents\Codes\Data-Strucutures\RecSem3\RecSem3\main.c(62,9): warning C4477: 'printf' : format string '%d' requires an argument of type 'int', but variadic argument 3 has type 'double'
\\Mac\Home\Documents\Codes\Data-Strucutures\RecSem3\RecSem3\main.c(69,20): warning C4133: '!=': incompatible types - from 'nodeLS *' to 'nodeLS *'
\\Mac\Home\Documents\Codes\Data-Strucutures\RecSem3\RecSem3\main.c(70,10): warning C4477: 'printf' : format string '%d' requires an argument of type 'int', but variadic argument 3 has type 'double'
\\Mac\Home\Documents\Codes\Data-Strucutures\RecSem3\RecSem3\main.c(72,8): warning C4133: '=': incompatible types - from 'nodeLS *' to 'nodeLS *'
\\Mac\Home\Documents\Codes\Data-Strucutures\RecSem3\RecSem3\main.c(74,9): warning C4477: 'printf' : format string '%d' requires an argument of type 'int', but variadic argument 3 has type 'double'
\\Mac\Home\Documents\Codes\Data-Strucutures\RecSem3\RecSem3\main.c(81,20): warning C4133: '!=': incompatible types - from 'nodeLS *' to 'nodeLS *'
\\Mac\Home\Documents\Codes\Data-Strucutures\RecSem3\RecSem3\main.c(90,8): warning C4133: '=': incompatible types - from 'nodeLS *' to 'nodeLS *'
\\Mac\Home\Documents\Codes\Data-Strucutures\RecSem3\RecSem3\main.c(103,6): warning C4013: 'strcmp' undefined; assuming extern returning int
\\Mac\Home\Documents\Codes\Data-Strucutures\RecSem3\RecSem3\main.c(105,9): warning C4133: '=': incompatible types - from 'nodeLS *' to 'nodeLS *'
\\Mac\Home\Documents\Codes\Data-Strucutures\RecSem3\RecSem3\main.c(118,10): warning C4133: '=': incompatible types - from 'nodeLS *' to 'nodeLS *'
\\Mac\Home\Documents\Codes\Data-Strucutures\RecSem3\RecSem3\main.c(133,21): warning C4133: '=': incompatible types - from 'nodeLS *' to 'nodeLS *'
\\Mac\Home\Documents\Codes\Data-Strucutures\RecSem3\RecSem3\main.c(134,20): warning C4133: '=': incompatible types - from 'nodeLS *' to 'nodeLS *'
\\Mac\Home\Documents\Codes\Data-Strucutures\RecSem3\RecSem3\main.c(141,11): warning C4133: '=': incompatible types - from 'nodeLS *' to 'nodeLS *'
\\Mac\Home\Documents\Codes\Data-Strucutures\RecSem3\RecSem3\main.c(131,14): warning C4133: 'initializing': incompatible types - from 'nodeLS *' to 'nodeLS *'
\\Mac\Home\Documents\Codes\Data-Strucutures\RecSem3\RecSem3\main.c(132,14): warning C4133: 'initializing': incompatible types - from 'nodeLS *' to 'nodeLS *'
  RecSem3.vcxproj -> \\Mac\Home\Documents\Codes\Data-Strucutures\RecSem3\ARM64\Debug\RecSem3.exe
