  main.c
\\mac\Home\Documents\Codes\Data-Strucutures\Structuri_Recapitulare\7_1_ArboriAVL_Subiect\7_1_ArboriAVL_Subiect\main.c(21,19): warning C4133: 'function': incompatible types - from 'nodArbAVL **' to 'nodArbAVL **'
\\mac\Home\Documents\Codes\Data-Strucutures\Structuri_Recapitulare\7_1_ArboriAVL_Subiect\7_1_ArboriAVL_Subiect\main.c(24,19): warning C4133: 'function': incompatible types - from 'nodArbAVL **' to 'nodArbAVL **'
\\mac\Home\Documents\Codes\Data-Strucutures\Structuri_Recapitulare\7_1_ArboriAVL_Subiect\7_1_ArboriAVL_Subiect\main.c(44,15): warning C4133: '=': incompatible types - from 'nodArbAVL *' to 'nodArbAVL *'
\\mac\Home\Documents\Codes\Data-Strucutures\Structuri_Recapitulare\7_1_ArboriAVL_Subiect\7_1_ArboriAVL_Subiect\main.c(42,13): warning C4133: 'initializing': incompatible types - from 'nodArbAVL *' to 'nodArbAVL *'
\\mac\Home\Documents\Codes\Data-Strucutures\Structuri_Recapitulare\7_1_ArboriAVL_Subiect\7_1_ArboriAVL_Subiect\main.c(51,14): warning C4133: '=': incompatible types - from 'nodArbAVL *' to 'nodArbAVL *'
\\mac\Home\Documents\Codes\Data-Strucutures\Structuri_Recapitulare\7_1_ArboriAVL_Subiect\7_1_ArboriAVL_Subiect\main.c(49,13): warning C4133: 'initializing': incompatible types - from 'nodArbAVL *' to 'nodArbAVL *'
\\mac\Home\Documents\Codes\Data-Strucutures\Structuri_Recapitulare\7_1_ArboriAVL_Subiect\7_1_ArboriAVL_Subiect\main.c(68,27): warning C4133: 'function': incompatible types - from 'nodArbAVL *' to 'nodArbAVL *'
\\mac\Home\Documents\Codes\Data-Strucutures\Structuri_Recapitulare\7_1_ArboriAVL_Subiect\7_1_ArboriAVL_Subiect\main.c(69,27): warning C4133: 'function': incompatible types - from 'nodArbAVL *' to 'nodArbAVL *'
\\mac\Home\Documents\Codes\Data-Strucutures\Structuri_Recapitulare\7_1_ArboriAVL_Subiect\7_1_ArboriAVL_Subiect\main.c(79,21): warning C4133: 'function': incompatible types - from 'nodArbAVL *' to 'nodArbAVL *'
\\mac\Home\Documents\Codes\Data-Strucutures\Structuri_Recapitulare\7_1_ArboriAVL_Subiect\7_1_ArboriAVL_Subiect\main.c(79,45): warning C4133: 'function': incompatible types - from 'nodArbAVL *' to 'nodArbAVL *'
\\mac\Home\Documents\Codes\Data-Strucutures\Structuri_Recapitulare\7_1_ArboriAVL_Subiect\7_1_ArboriAVL_Subiect\main.c(85,19): warning C4133: 'function': incompatible types - from 'nodArbAVL **' to 'nodArbAVL **'
\\mac\Home\Documents\Codes\Data-Strucutures\Structuri_Recapitulare\7_1_ArboriAVL_Subiect\7_1_ArboriAVL_Subiect\main.c(88,19): warning C4133: 'function': incompatible types - from 'nodArbAVL **' to 'nodArbAVL **'
\\mac\Home\Documents\Codes\Data-Strucutures\Structuri_Recapitulare\7_1_ArboriAVL_Subiect\7_1_ArboriAVL_Subiect\main.c(107,29): warning C4133: 'function': incompatible types - from 'nodArbAVL *' to 'nodArbAVL *'
\\mac\Home\Documents\Codes\Data-Strucutures\Structuri_Recapitulare\7_1_ArboriAVL_Subiect\7_1_ArboriAVL_Subiect\main.c(108,19): warning C4133: 'function': incompatible types - from 'nodArbAVL **' to 'nodArbAVL **'
\\mac\Home\Documents\Codes\Data-Strucutures\Structuri_Recapitulare\7_1_ArboriAVL_Subiect\7_1_ArboriAVL_Subiect\main.c(114,29): warning C4133: 'function': incompatible types - from 'nodArbAVL *' to 'nodArbAVL *'
\\mac\Home\Documents\Codes\Data-Strucutures\Structuri_Recapitulare\7_1_ArboriAVL_Subiect\7_1_ArboriAVL_Subiect\main.c(115,18): warning C4133: 'function': incompatible types - from 'nodArbAVL **' to 'nodArbAVL **'
\\mac\Home\Documents\Codes\Data-Strucutures\Structuri_Recapitulare\7_1_ArboriAVL_Subiect\7_1_ArboriAVL_Subiect\main.c(123,15): warning C4133: 'function': incompatible types - from 'nodArbAVL *' to 'nodArbAVL *'
\\mac\Home\Documents\Codes\Data-Strucutures\Structuri_Recapitulare\7_1_ArboriAVL_Subiect\7_1_ArboriAVL_Subiect\main.c(126,15): warning C4133: 'function': incompatible types - from 'nodArbAVL *' to 'nodArbAVL *'
\\mac\Home\Documents\Codes\Data-Strucutures\Structuri_Recapitulare\7_1_ArboriAVL_Subiect\7_1_ArboriAVL_Subiect\main.c(134,16): warning C4133: 'function': incompatible types - from 'nodArbAVL *' to 'nodArbAVL *'
\\mac\Home\Documents\Codes\Data-Strucutures\Structuri_Recapitulare\7_1_ArboriAVL_Subiect\7_1_ArboriAVL_Subiect\main.c(135,16): warning C4133: 'function': incompatible types - from 'nodArbAVL *' to 'nodArbAVL *'
\\mac\Home\Documents\Codes\Data-Strucutures\Structuri_Recapitulare\7_1_ArboriAVL_Subiect\7_1_ArboriAVL_Subiect\main.c(147,40): warning C4133: 'function': incompatible types - from 'nodArbAVL *' to 'nodArbAVL *'
\\mac\Home\Documents\Codes\Data-Strucutures\Structuri_Recapitulare\7_1_ArboriAVL_Subiect\7_1_ArboriAVL_Subiect\main.c(148,40): warning C4133: 'function': incompatible types - from 'nodArbAVL *' to 'nodArbAVL *'
\\mac\Home\Documents\Codes\Data-Strucutures\Structuri_Recapitulare\7_1_ArboriAVL_Subiect\7_1_ArboriAVL_Subiect\main.c(158,8): warning C4133: '=': incompatible types - from 'nodArbAVL *' to 'nodArbAVL *'
\\mac\Home\Documents\Codes\Data-Strucutures\Structuri_Recapitulare\7_1_ArboriAVL_Subiect\7_1_ArboriAVL_Subiect\main.c(169,37): warning C4133: 'function': incompatible types - from 'nodArbAVL *' to 'nodArbAVL *'
\\mac\Home\Documents\Codes\Data-Strucutures\Structuri_Recapitulare\7_1_ArboriAVL_Subiect\7_1_ArboriAVL_Subiect\main.c(169,15): warning C4133: '=': incompatible types - from 'nodArbAVL *' to 'nodArbAVL *'
\\mac\Home\Documents\Codes\Data-Strucutures\Structuri_Recapitulare\7_1_ArboriAVL_Subiect\7_1_ArboriAVL_Subiect\main.c(173,38): warning C4133: 'function': incompatible types - from 'nodArbAVL *' to 'nodArbAVL *'
\\mac\Home\Documents\Codes\Data-Strucutures\Structuri_Recapitulare\7_1_ArboriAVL_Subiect\7_1_ArboriAVL_Subiect\main.c(173,16): warning C4133: '=': incompatible types - from 'nodArbAVL *' to 'nodArbAVL *'
\\mac\Home\Documents\Codes\Data-Strucutures\Structuri_Recapitulare\7_1_ArboriAVL_Subiect\7_1_ArboriAVL_Subiect\main.c(191,32): warning C4133: 'function': incompatible types - from 'nodArbAVL *' to 'nodArbAVL *'
\\mac\Home\Documents\Codes\Data-Strucutures\Structuri_Recapitulare\7_1_ArboriAVL_Subiect\7_1_ArboriAVL_Subiect\main.c(198,38): warning C4133: 'function': incompatible types - from 'nodArbAVL *' to 'nodArbAVL *'
\\mac\Home\Documents\Codes\Data-Strucutures\Structuri_Recapitulare\7_1_ArboriAVL_Subiect\7_1_ArboriAVL_Subiect\main.c(198,16): warning C4133: '=': incompatible types - from 'nodArbAVL *' to 'nodArbAVL *'
\\mac\Home\Documents\Codes\Data-Strucutures\Structuri_Recapitulare\7_1_ArboriAVL_Subiect\7_1_ArboriAVL_Subiect\main.c(178,15): warning C4133: 'initializing': incompatible types - from 'nodArbAVL *' to 'nodArbAVL *'
\\mac\Home\Documents\Codes\Data-Strucutures\Structuri_Recapitulare\7_1_ArboriAVL_Subiect\7_1_ArboriAVL_Subiect\main.c(185,15): warning C4133: 'initializing': incompatible types - from 'nodArbAVL *' to 'nodArbAVL *'
\\mac\Home\Documents\Codes\Data-Strucutures\Structuri_Recapitulare\7_1_ArboriAVL_Subiect\7_1_ArboriAVL_Subiect\main.c(207,8): warning C4133: '=': incompatible types - from 'nodArbAVL *' to 'nodArbAVL *'
\\mac\Home\Documents\Codes\Data-Strucutures\Structuri_Recapitulare\7_1_ArboriAVL_Subiect\7_1_ArboriAVL_Subiect\main.c(221,24): warning C4133: 'function': incompatible types - from 'nodArbAVL *' to 'nodArbAVL *'
\\mac\Home\Documents\Codes\Data-Strucutures\Structuri_Recapitulare\7_1_ArboriAVL_Subiect\7_1_ArboriAVL_Subiect\main.c(222,24): warning C4133: 'function': incompatible types - from 'nodArbAVL *' to 'nodArbAVL *'
  7_1_ArboriAVL_Subiect.vcxproj -> \\Mac\Home\Documents\Codes\Data-Strucutures\Structuri_Recapitulare\7_1_ArboriAVL_Subiect\ARM64\Debug\7_1_ArboriAVL_Subiect.exe
